This file contains any messages produced by compilers while
running configure, to aid debugging if configure makes a mistake.

It was created by wolfssl configure 5.5.0, which was
generated by GNU Autoconf 2.71.  Invocation command line was

  $ ./configure --enable-pwdbased

## --------- ##
## Platform. ##
## --------- ##

hostname = Jasveers-MacBook-Air.local
uname -m = arm64
uname -r = 21.6.0
uname -s = Darwin
uname -v = Darwin Kernel Version 21.6.0: Sat Jun 18 17:05:47 PDT 2022; root:xnu-8020.140.41~1/RELEASE_ARM64_T8101

/usr/bin/uname -p = arm
/bin/uname -X     = unknown

/bin/arch              = unknown
/usr/bin/arch -k       = unknown
/usr/convex/getsysinfo = unknown
/usr/bin/hostinfo      = Mach kernel version:
	 Darwin Kernel Version 21.6.0: Sat Jun 18 17:05:47 PDT 2022; root:xnu-8020.140.41~1/RELEASE_ARM64_T8101
Kernel configured for up to 8 processors.
8 processors are physically available.
8 processors are logically available.
Processor type: arm64e (ARM64E)
Processors active: 0 1 2 3 4 5 6 7
Primary memory available: 8.00 gigabytes
Default processor set: 308 tasks, 1634 threads, 8 processors
Load average: 0.87, Mach factor: 7.12
/bin/machine           = unknown
/usr/bin/oslevel       = unknown
/bin/universe          = unknown

PATH: /Users/jasveer/opt/anaconda3/bin/
PATH: /Users/jasveer/opt/anaconda3/condabin/
PATH: /opt/local/bin/
PATH: /opt/local/sbin/
PATH: /opt/homebrew/bin/
PATH: /opt/homebrew/sbin/
PATH: /usr/local/bin/
PATH: /usr/bin/
PATH: /bin/
PATH: /usr/sbin/
PATH: /sbin/
PATH: /Applications/Wireshark.app/Contents/MacOS/


## ----------- ##
## Core tests. ##
## ----------- ##

configure:3835: looking for aux files: ltmain.sh missing install-sh config.guess config.sub compile
configure:3848:  trying ./build-aux/
configure:3877:   ./build-aux/ltmain.sh found
configure:3877:   ./build-aux/missing found
configure:3859:   ./build-aux/install-sh found
configure:3877:   ./build-aux/config.guess found
configure:3877:   ./build-aux/config.sub found
configure:3877:   ./build-aux/compile found
configure:4061: checking for gcc
configure:4082: found /usr/bin/gcc
configure:4093: result: gcc
configure:4446: checking for C compiler version
configure:4455: gcc --version >&5
Apple clang version 13.1.6 (clang-1316.0.21.2.5)
Target: arm64-apple-darwin21.6.0
Thread model: posix
InstalledDir: /Library/Developer/CommandLineTools/usr/bin
configure:4466: $? = 0
configure:4455: gcc -v >&5
Apple clang version 13.1.6 (clang-1316.0.21.2.5)
Target: arm64-apple-darwin21.6.0
Thread model: posix
InstalledDir: /Library/Developer/CommandLineTools/usr/bin
configure:4466: $? = 0
configure:4455: gcc -V >&5
clang: error: argument to '-V' is missing (expected 1 value)
clang: error: no input files
configure:4466: $? = 1
configure:4455: gcc -qversion >&5
clang: error: unknown argument '-qversion'; did you mean '--version'?
clang: error: no input files
configure:4466: $? = 1
configure:4455: gcc -version >&5
clang: error: unknown argument '-version'; did you mean '--version'?
clang: error: no input files
configure:4466: $? = 1
configure:4486: checking whether the C compiler works
configure:4508: gcc      conftest.c  >&5
configure:4512: $? = 0
configure:4562: result: yes
configure:4565: checking for C compiler default output file name
configure:4567: result: a.out
configure:4573: checking for suffix of executables
configure:4580: gcc -o conftest      conftest.c  >&5
configure:4584: $? = 0
configure:4607: result: 
configure:4629: checking whether we are cross compiling
configure:4637: gcc -o conftest      conftest.c  >&5
configure:4641: $? = 0
configure:4648: ./conftest
configure:4652: $? = 0
configure:4667: result: no
configure:4672: checking for suffix of object files
configure:4695: gcc -c     conftest.c >&5
configure:4699: $? = 0
configure:4721: result: o
configure:4725: checking whether the compiler supports GNU C
configure:4745: gcc -c     conftest.c >&5
configure:4745: $? = 0
configure:4755: result: yes
configure:4766: checking whether gcc accepts -g
configure:4787: gcc -c -g  conftest.c >&5
configure:4787: $? = 0
configure:4831: result: yes
configure:4851: checking for gcc option to enable C11 features
configure:4866: gcc  -c     conftest.c >&5
configure:4866: $? = 0
configure:4884: result: none needed
configure:5005: checking whether gcc understands -c and -o together
configure:5028: gcc -c conftest.c -o conftest2.o
configure:5031: $? = 0
configure:5028: gcc -c conftest.c -o conftest2.o
configure:5031: $? = 0
configure:5043: result: yes
configure:5067: checking build system type
configure:5082: result: aarch64-apple-darwin21.6.0
configure:5102: checking host system type
configure:5116: result: aarch64-apple-darwin21.6.0
configure:5136: checking target system type
configure:5150: result: aarch64-apple-darwin21.6.0
configure:5195: checking for a BSD-compatible install
configure:5268: result: /usr/bin/install -c
configure:5279: checking whether build environment is sane
configure:5334: result: yes
configure:5489: checking for a race-free mkdir -p
configure:5533: result: ./build-aux/install-sh -c -d
configure:5540: checking for gawk
configure:5575: result: no
configure:5540: checking for mawk
configure:5575: result: no
configure:5540: checking for nawk
configure:5575: result: no
configure:5540: checking for awk
configure:5561: found /usr/bin/awk
configure:5572: result: awk
configure:5583: checking whether make sets $(MAKE)
configure:5606: result: yes
configure:5628: checking whether make supports the include directive
configure:5643: make -f confmf.GNU && cat confinc.out
this is the am__doit target
configure:5646: $? = 0
configure:5665: result: yes (GNU style)
configure:5700: checking whether make supports nested variables
configure:5718: result: yes
configure:5798: checking whether UID '501' is supported by ustar format
configure:5801: result: yes
configure:5808: checking whether GID '20' is supported by ustar format
configure:5811: result: yes
configure:5819: checking how to create a ustar tar archive
configure:5830: tar --version
bsdtar 3.5.1 - libarchive 3.5.1 zlib/1.2.11 liblzma/5.0.5 bz2lib/1.0.8 
configure:5833: $? = 0
configure:5873: tardir=conftest.dir && eval tar --format=ustar -chf - "$tardir" >conftest.tar
configure:5876: $? = 0
configure:5880: tar -xf - <conftest.tar
configure:5883: $? = 0
configure:5885: cat conftest.dir/file
GrepMe
configure:5888: $? = 0
configure:5902: result: gnutar
configure:5911: checking dependency style of gcc
configure:6023: result: gcc3
configure:6107: checking whether make supports nested variables
configure:6125: result: yes
configure:6145: WARNING: Libtool does not cope well with whitespace in `pwd`
configure:6190: checking how to print strings
configure:6217: result: printf
configure:6238: checking for a sed that does not truncate output
configure:6308: result: /usr/bin/sed
configure:6326: checking for grep that handles long lines and -e
configure:6390: result: /usr/bin/grep
configure:6395: checking for egrep
configure:6463: result: /usr/bin/grep -E
configure:6468: checking for fgrep
configure:6536: result: /usr/bin/grep -F
configure:6572: checking for ld used by gcc
configure:6640: result: /Library/Developer/CommandLineTools/usr/bin/ld
configure:6647: checking if the linker (/Library/Developer/CommandLineTools/usr/bin/ld) is GNU ld
configure:6663: result: no
configure:6675: checking for BSD- or MS-compatible name lister (nm)
configure:6730: result: /usr/bin/nm -B
configure:6870: checking the name lister (/usr/bin/nm -B) interface
configure:6878: gcc -c     conftest.c >&5
configure:6881: /usr/bin/nm -B "conftest.o"
configure:6884: output
0000000000000000 S _some_variable
0000000000000000 t ltmp0
0000000000000000 s ltmp1
configure:6891: result: BSD nm
configure:6894: checking whether ln -s works
configure:6898: result: yes
configure:6906: checking the maximum length of command line arguments
configure:7038: result: 786432
configure:7086: checking how to convert aarch64-apple-darwin21.6.0 file names to aarch64-apple-darwin21.6.0 format
configure:7127: result: func_convert_file_noop
configure:7134: checking how to convert aarch64-apple-darwin21.6.0 file names to toolchain format
configure:7155: result: func_convert_file_noop
configure:7162: checking for /Library/Developer/CommandLineTools/usr/bin/ld option to reload object files
configure:7170: result: -r
configure:7249: checking for file
configure:7270: found /usr/bin/file
configure:7281: result: file
configure:7357: checking for objdump
configure:7378: found /usr/bin/objdump
configure:7389: result: objdump
configure:7418: checking how to recognize dependent libraries
configure:7619: result: pass_all
configure:7709: checking for dlltool
configure:7744: result: no
configure:7771: checking how to associate runtime and link libraries
configure:7799: result: printf %s\n
configure:7865: checking for ar
configure:7886: found /usr/bin/ar
configure:7897: result: ar
configure:7950: checking for archiver @FILE support
configure:7968: gcc -c     conftest.c >&5
configure:7968: $? = 0
configure:7972: ar cr libconftest.a @conftest.lst >&5
ar: @conftest.lst: No such file or directory
configure:7975: $? = 1
configure:7995: result: no
configure:8058: checking for strip
configure:8079: found /usr/bin/strip
configure:8090: result: strip
configure:8167: checking for ranlib
configure:8188: found /usr/bin/ranlib
configure:8199: result: ranlib
configure:8301: checking command to parse /usr/bin/nm -B output from gcc object
configure:8455: gcc -c     conftest.c >&5
configure:8458: $? = 0
configure:8462: /usr/bin/nm -B conftest.o \| /usr/bin/sed -n -e 's/^.*[ ]\([ABCDGIRSTW][ABCDGIRSTW]*\)[ ][ ]*\([_A-Za-z][_A-Za-z0-9]*\)$/\1 \2 \2/p' | /usr/bin/sed '/ __gnu_lto/d' \> conftest.nm
configure:8465: $? = 0
cannot find nm_test_var in conftest.nm
configure:8455: gcc -c     conftest.c >&5
configure:8458: $? = 0
configure:8462: /usr/bin/nm -B conftest.o \| /usr/bin/sed -n -e 's/^.*[ ]\([ABCDGIRSTW][ABCDGIRSTW]*\)[ ][ ]*_\([_A-Za-z][_A-Za-z0-9]*\)$/\1 _\2 \2/p' | /usr/bin/sed '/ __gnu_lto/d' \> conftest.nm
configure:8465: $? = 0
configure:8531: gcc -o conftest      conftest.c conftstm.o >&5
configure:8534: $? = 0
configure:8572: result: ok
configure:8619: checking for sysroot
configure:8650: result: no
configure:8657: checking for a working dd
configure:8701: result: /bin/dd
configure:8705: checking how to truncate binary pipes
configure:8721: result: /bin/dd bs=4096 count=1
configure:9058: checking for mt
configure:9093: result: no
configure:9113: checking if : is a manifest tool
configure:9120: : '-?'
configure:9128: result: no
configure:9189: checking for dsymutil
configure:9210: found /usr/bin/dsymutil
configure:9221: result: dsymutil
configure:9291: checking for nmedit
configure:9312: found /usr/bin/nmedit
configure:9323: result: nmedit
configure:9393: checking for lipo
configure:9414: found /usr/bin/lipo
configure:9425: result: lipo
configure:9495: checking for otool
configure:9516: found /usr/bin/otool
configure:9527: result: otool
configure:9597: checking for otool64
configure:9632: result: no
configure:9677: checking for -single_module linker flag
gcc     -o libconftest.dylib -dynamiclib -Wl,-single_module conftest.c
configure:9711: result: yes
configure:9714: checking for -exported_symbols_list linker flag
configure:9735: gcc -o conftest      -Wl,-exported_symbols_list,conftest.sym conftest.c  >&5
configure:9735: $? = 0
configure:9746: result: yes
configure:9749: checking for -force_load linker flag
gcc    -c -o conftest.o conftest.c
ar cr libconftest.a conftest.o
ranlib libconftest.a
gcc     -o conftest conftest.c -Wl,-force_load,./libconftest.a
configure:9782: result: yes
configure:9853: checking for stdio.h
configure:9853: gcc -c     conftest.c >&5
configure:9853: $? = 0
configure:9853: result: yes
configure:9853: checking for stdlib.h
configure:9853: gcc -c     conftest.c >&5
configure:9853: $? = 0
configure:9853: result: yes
configure:9853: checking for string.h
configure:9853: gcc -c     conftest.c >&5
configure:9853: $? = 0
configure:9853: result: yes
configure:9853: checking for inttypes.h
configure:9853: gcc -c     conftest.c >&5
configure:9853: $? = 0
configure:9853: result: yes
configure:9853: checking for stdint.h
configure:9853: gcc -c     conftest.c >&5
configure:9853: $? = 0
configure:9853: result: yes
configure:9853: checking for strings.h
configure:9853: gcc -c     conftest.c >&5
configure:9853: $? = 0
configure:9853: result: yes
configure:9853: checking for sys/stat.h
configure:9853: gcc -c     conftest.c >&5
configure:9853: $? = 0
configure:9853: result: yes
configure:9853: checking for sys/types.h
configure:9853: gcc -c     conftest.c >&5
configure:9853: $? = 0
configure:9853: result: yes
configure:9853: checking for unistd.h
configure:9853: gcc -c     conftest.c >&5
configure:9853: $? = 0
configure:9853: result: yes
configure:9878: checking for dlfcn.h
configure:9878: gcc -c     conftest.c >&5
configure:9878: $? = 0
configure:9878: result: yes
configure:10464: checking for objdir
configure:10480: result: .libs
configure:10744: checking if gcc supports -fno-rtti -fno-exceptions
configure:10763: gcc -c     -fno-rtti -fno-exceptions conftest.c >&5
configure:10767: $? = 0
configure:10780: result: yes
configure:11138: checking for gcc option to produce PIC
configure:11146: result: -fno-common -DPIC
configure:11154: checking if gcc PIC flag -fno-common -DPIC works
configure:11173: gcc -c     -fno-common -DPIC -DPIC conftest.c >&5
configure:11177: $? = 0
configure:11190: result: yes
configure:11219: checking if gcc static flag -static works
configure:11248: result: no
configure:11263: checking if gcc supports -c -o file.o
configure:11285: gcc -c     -o out/conftest2.o conftest.c >&5
configure:11289: $? = 0
configure:11311: result: yes
configure:11319: checking if gcc supports -c -o file.o
configure:11367: result: yes
configure:11400: checking whether the gcc linker (/Library/Developer/CommandLineTools/usr/bin/ld) supports shared libraries
configure:12668: result: yes
configure:12909: checking dynamic linker characteristics
configure:13730: result: darwin21.6.0 dyld
configure:13852: checking how to hardcode library paths into programs
configure:13877: result: immediate
configure:14429: checking whether stripping libraries is possible
configure:14446: result: yes
configure:14480: checking if libtool supports shared libraries
configure:14482: result: yes
configure:14485: checking whether to build shared libraries
configure:14510: result: yes
configure:14513: checking whether to build static libraries
configure:14517: result: no
configure:14577: checking whether the -Werror option is usable
configure:14597: gcc -c    -Werror  conftest.c >&5
configure:14597: $? = 0
configure:14607: result: yes
configure:14609: checking for simple visibility declarations
configure:14637: gcc -c    -fvisibility=hidden -Werror  conftest.c >&5
configure:14637: $? = 0
configure:14647: result: yes
configure:14676: checking size of long long
configure:14682: gcc -o conftest      conftest.c  >&5
configure:14682: $? = 0
configure:14682: ./conftest
configure:14682: $? = 0
configure:14697: result: 8
configure:14709: checking size of long
configure:14715: gcc -o conftest      conftest.c  >&5
configure:14715: $? = 0
configure:14715: ./conftest
configure:14715: $? = 0
configure:14730: result: 8
configure:14742: checking size of time_t
configure:14748: gcc -o conftest      conftest.c  >&5
configure:14748: $? = 0
configure:14748: ./conftest
configure:14748: $? = 0
configure:14763: result: 8
configure:14771: checking for __uint128_t
configure:14771: gcc -c     conftest.c >&5
configure:14771: $? = 0
configure:14771: gcc -c     conftest.c >&5
conftest.c:56:26: error: expected expression
if (sizeof ((__uint128_t)))
                         ^
1 error generated.
configure:14771: $? = 1
configure: failed program was:
| /* confdefs.h */
| #define PACKAGE_NAME "wolfssl"
| #define PACKAGE_TARNAME "wolfssl"
| #define PACKAGE_VERSION "5.5.0"
| #define PACKAGE_STRING "wolfssl 5.5.0"
| #define PACKAGE_BUGREPORT "https://github.com/wolfssl/wolfssl/issues"
| #define PACKAGE_URL "https://www.wolfssl.com"
| #define HAVE_STDIO_H 1
| #define HAVE_STDLIB_H 1
| #define HAVE_STRING_H 1
| #define HAVE_INTTYPES_H 1
| #define HAVE_STDINT_H 1
| #define HAVE_STRINGS_H 1
| #define HAVE_SYS_STAT_H 1
| #define HAVE_SYS_TYPES_H 1
| #define HAVE_UNISTD_H 1
| #define STDC_HEADERS 1
| #define HAVE_DLFCN_H 1
| #define LT_OBJDIR ".libs/"
| #define HAVE_VISIBILITY 1
| #define SIZEOF_LONG_LONG 8
| #define SIZEOF_LONG 8
| #define SIZEOF_TIME_T 8
| /* end confdefs.h.  */
| #include <stddef.h>
| #ifdef HAVE_STDIO_H
| # include <stdio.h>
| #endif
| #ifdef HAVE_STDLIB_H
| # include <stdlib.h>
| #endif
| #ifdef HAVE_STRING_H
| # include <string.h>
| #endif
| #ifdef HAVE_INTTYPES_H
| # include <inttypes.h>
| #endif
| #ifdef HAVE_STDINT_H
| # include <stdint.h>
| #endif
| #ifdef HAVE_STRINGS_H
| # include <strings.h>
| #endif
| #ifdef HAVE_SYS_TYPES_H
| # include <sys/types.h>
| #endif
| #ifdef HAVE_SYS_STAT_H
| # include <sys/stat.h>
| #endif
| #ifdef HAVE_UNISTD_H
| # include <unistd.h>
| #endif
| int
| main (void)
| {
| if (sizeof ((__uint128_t)))
| 	    return 0;
|   ;
|   return 0;
| }
configure:14771: result: yes
configure:14804: checking for arpa/inet.h
configure:14804: gcc -c     conftest.c >&5
configure:14804: $? = 0
configure:14804: result: yes
configure:14810: checking for fcntl.h
configure:14810: gcc -c     conftest.c >&5
configure:14810: $? = 0
configure:14810: result: yes
configure:14816: checking for limits.h
configure:14816: gcc -c     conftest.c >&5
configure:14816: $? = 0
configure:14816: result: yes
configure:14822: checking for netdb.h
configure:14822: gcc -c     conftest.c >&5
configure:14822: $? = 0
configure:14822: result: yes
configure:14828: checking for netinet/in.h
configure:14828: gcc -c     conftest.c >&5
configure:14828: $? = 0
configure:14828: result: yes
configure:14834: checking for stddef.h
configure:14834: gcc -c     conftest.c >&5
configure:14834: $? = 0
configure:14834: result: yes
configure:14840: checking for time.h
configure:14840: gcc -c     conftest.c >&5
configure:14840: $? = 0
configure:14840: result: yes
configure:14846: checking for sys/ioctl.h
configure:14846: gcc -c     conftest.c >&5
configure:14846: $? = 0
configure:14846: result: yes
configure:14852: checking for sys/socket.h
configure:14852: gcc -c     conftest.c >&5
configure:14852: $? = 0
configure:14852: result: yes
configure:14858: checking for sys/time.h
configure:14858: gcc -c     conftest.c >&5
configure:14858: $? = 0
configure:14858: result: yes
configure:14864: checking for errno.h
configure:14864: gcc -c     conftest.c >&5
configure:14864: $? = 0
configure:14864: result: yes
configure:14870: checking for sys/un.h
configure:14870: gcc -c     conftest.c >&5
configure:14870: $? = 0
configure:14870: result: yes
configure:14877: checking for socket in -lnetwork
configure:14900: gcc -o conftest      conftest.c -lnetwork   >&5
configure:14900: $? = 0
configure:14910: result: yes
configure:14920: checking whether byte ordering is bigendian
configure:14936: gcc -c     conftest.c >&5
configure:14936: $? = 0
configure:14982: gcc -c     conftest.c >&5
configure:14982: $? = 0
configure:15001: gcc -c     conftest.c >&5
conftest.c:46:4: error: use of undeclared identifier 'not'
                 not big endian
                 ^
1 error generated.
configure:15001: $? = 1
configure: failed program was:
| /* confdefs.h */
| #define PACKAGE_NAME "wolfssl"
| #define PACKAGE_TARNAME "wolfssl"
| #define PACKAGE_VERSION "5.5.0"
| #define PACKAGE_STRING "wolfssl 5.5.0"
| #define PACKAGE_BUGREPORT "https://github.com/wolfssl/wolfssl/issues"
| #define PACKAGE_URL "https://www.wolfssl.com"
| #define HAVE_STDIO_H 1
| #define HAVE_STDLIB_H 1
| #define HAVE_STRING_H 1
| #define HAVE_INTTYPES_H 1
| #define HAVE_STDINT_H 1
| #define HAVE_STRINGS_H 1
| #define HAVE_SYS_STAT_H 1
| #define HAVE_SYS_TYPES_H 1
| #define HAVE_UNISTD_H 1
| #define STDC_HEADERS 1
| #define HAVE_DLFCN_H 1
| #define LT_OBJDIR ".libs/"
| #define HAVE_VISIBILITY 1
| #define SIZEOF_LONG_LONG 8
| #define SIZEOF_LONG 8
| #define SIZEOF_TIME_T 8
| #define HAVE___UINT128_T 1
| #define HAVE_ARPA_INET_H 1
| #define HAVE_FCNTL_H 1
| #define HAVE_LIMITS_H 1
| #define HAVE_NETDB_H 1
| #define HAVE_NETINET_IN_H 1
| #define HAVE_STDDEF_H 1
| #define HAVE_TIME_H 1
| #define HAVE_SYS_IOCTL_H 1
| #define HAVE_SYS_SOCKET_H 1
| #define HAVE_SYS_TIME_H 1
| #define HAVE_ERRNO_H 1
| #define HAVE_SYS_UN_H 1
| #define HAVE_LIBNETWORK 1
| /* end confdefs.h.  */
| #include <sys/types.h>
| 		#include <sys/param.h>
| 
| int
| main (void)
| {
| #if BYTE_ORDER != BIG_ENDIAN
| 		 not big endian
| 		#endif
| 
|   ;
|   return 0;
| }
configure:15135: result: no
configure:15157: checking for gethostbyname
configure:15157: gcc -o conftest      conftest.c -lnetwork  >&5
configure:15157: $? = 0
configure:15157: result: yes
configure:15163: checking for getaddrinfo
configure:15163: gcc -o conftest      conftest.c -lnetwork  >&5
configure:15163: $? = 0
configure:15163: result: yes
configure:15169: checking for gettimeofday
configure:15169: gcc -o conftest      conftest.c -lnetwork  >&5
configure:15169: $? = 0
configure:15169: result: yes
configure:15175: checking for gmtime_r
configure:15175: gcc -o conftest      conftest.c -lnetwork  >&5
configure:15175: $? = 0
configure:15175: result: yes
configure:15181: checking for gmtime_s
configure:15181: gcc -o conftest      conftest.c -lnetwork  >&5
Undefined symbols for architecture arm64:
  "_gmtime_s", referenced from:
      _main in conftest-881905.o
ld: symbol(s) not found for architecture arm64
clang: error: linker command failed with exit code 1 (use -v to see invocation)
configure:15181: $? = 1
configure: failed program was:
| /* confdefs.h */
| #define PACKAGE_NAME "wolfssl"
| #define PACKAGE_TARNAME "wolfssl"
| #define PACKAGE_VERSION "5.5.0"
| #define PACKAGE_STRING "wolfssl 5.5.0"
| #define PACKAGE_BUGREPORT "https://github.com/wolfssl/wolfssl/issues"
| #define PACKAGE_URL "https://www.wolfssl.com"
| #define HAVE_STDIO_H 1
| #define HAVE_STDLIB_H 1
| #define HAVE_STRING_H 1
| #define HAVE_INTTYPES_H 1
| #define HAVE_STDINT_H 1
| #define HAVE_STRINGS_H 1
| #define HAVE_SYS_STAT_H 1
| #define HAVE_SYS_TYPES_H 1
| #define HAVE_UNISTD_H 1
| #define STDC_HEADERS 1
| #define HAVE_DLFCN_H 1
| #define LT_OBJDIR ".libs/"
| #define HAVE_VISIBILITY 1
| #define SIZEOF_LONG_LONG 8
| #define SIZEOF_LONG 8
| #define SIZEOF_TIME_T 8
| #define HAVE___UINT128_T 1
| #define HAVE_ARPA_INET_H 1
| #define HAVE_FCNTL_H 1
| #define HAVE_LIMITS_H 1
| #define HAVE_NETDB_H 1
| #define HAVE_NETINET_IN_H 1
| #define HAVE_STDDEF_H 1
| #define HAVE_TIME_H 1
| #define HAVE_SYS_IOCTL_H 1
| #define HAVE_SYS_SOCKET_H 1
| #define HAVE_SYS_TIME_H 1
| #define HAVE_ERRNO_H 1
| #define HAVE_SYS_UN_H 1
| #define HAVE_LIBNETWORK 1
| #define HAVE_GETHOSTBYNAME 1
| #define HAVE_GETADDRINFO 1
| #define HAVE_GETTIMEOFDAY 1
| #define HAVE_GMTIME_R 1
| /* end confdefs.h.  */
| /* Define gmtime_s to an innocuous variant, in case <limits.h> declares gmtime_s.
|    For example, HP-UX 11i <limits.h> declares gettimeofday.  */
| #define gmtime_s innocuous_gmtime_s
| 
| /* System header to define __stub macros and hopefully few prototypes,
|    which can conflict with char gmtime_s (); below.  */
| 
| #include <limits.h>
| #undef gmtime_s
| 
| /* Override any GCC internal prototype to avoid an error.
|    Use char because int might match the return type of a GCC
|    builtin and then its argument prototype would still apply.  */
| #ifdef __cplusplus
| extern "C"
| #endif
| char gmtime_s ();
| /* The GNU C library defines this for functions which it implements
|     to always fail with ENOSYS.  Some functions are actually named
|     something starting with __ and the normal name is an alias.  */
| #if defined __stub_gmtime_s || defined __stub___gmtime_s
| choke me
| #endif
| 
| int
| main (void)
| {
| return gmtime_s ();
|   ;
|   return 0;
| }
configure:15181: result: no
configure:15187: checking for inet_ntoa
configure:15187: gcc -o conftest      conftest.c -lnetwork  >&5
configure:15187: $? = 0
configure:15187: result: yes
configure:15193: checking for memset
configure:15193: gcc -o conftest      conftest.c -lnetwork  >&5
conftest.c:60:6: warning: incompatible redeclaration of library function 'memset' [-Wincompatible-library-redeclaration]
char memset ();
     ^
conftest.c:60:6: note: 'memset' is a builtin with type 'void *(void *, int, unsigned long)'
1 warning generated.
configure:15193: $? = 0
configure:15193: result: yes
configure:15199: checking for socket
configure:15199: gcc -o conftest      conftest.c -lnetwork  >&5
configure:15199: $? = 0
configure:15199: result: yes
configure:15205: checking for strftime
configure:15205: gcc -o conftest      conftest.c -lnetwork  >&5
configure:15205: $? = 0
configure:15205: result: yes
configure:15211: checking for atexit
configure:15211: gcc -o conftest      conftest.c -lnetwork  >&5
configure:15211: $? = 0
configure:15211: result: yes
configure:15218: checking for gcc options needed to detect all undeclared functions
configure:15240: gcc -c      conftest.c >&5
conftest.c:52:8: error: implicitly declaring library function 'strchr' with type 'char *(const char *, int)' [-Werror,-Wimplicit-function-declaration]
(void) strchr;
       ^
conftest.c:52:8: note: include the header <string.h> or explicitly provide a declaration for 'strchr'
1 error generated.
configure:15240: $? = 1
configure: failed program was:
| /* confdefs.h */
| #define PACKAGE_NAME "wolfssl"
| #define PACKAGE_TARNAME "wolfssl"
| #define PACKAGE_VERSION "5.5.0"
| #define PACKAGE_STRING "wolfssl 5.5.0"
| #define PACKAGE_BUGREPORT "https://github.com/wolfssl/wolfssl/issues"
| #define PACKAGE_URL "https://www.wolfssl.com"
| #define HAVE_STDIO_H 1
| #define HAVE_STDLIB_H 1
| #define HAVE_STRING_H 1
| #define HAVE_INTTYPES_H 1
| #define HAVE_STDINT_H 1
| #define HAVE_STRINGS_H 1
| #define HAVE_SYS_STAT_H 1
| #define HAVE_SYS_TYPES_H 1
| #define HAVE_UNISTD_H 1
| #define STDC_HEADERS 1
| #define HAVE_DLFCN_H 1
| #define LT_OBJDIR ".libs/"
| #define HAVE_VISIBILITY 1
| #define SIZEOF_LONG_LONG 8
| #define SIZEOF_LONG 8
| #define SIZEOF_TIME_T 8
| #define HAVE___UINT128_T 1
| #define HAVE_ARPA_INET_H 1
| #define HAVE_FCNTL_H 1
| #define HAVE_LIMITS_H 1
| #define HAVE_NETDB_H 1
| #define HAVE_NETINET_IN_H 1
| #define HAVE_STDDEF_H 1
| #define HAVE_TIME_H 1
| #define HAVE_SYS_IOCTL_H 1
| #define HAVE_SYS_SOCKET_H 1
| #define HAVE_SYS_TIME_H 1
| #define HAVE_ERRNO_H 1
| #define HAVE_SYS_UN_H 1
| #define HAVE_LIBNETWORK 1
| #define HAVE_GETHOSTBYNAME 1
| #define HAVE_GETADDRINFO 1
| #define HAVE_GETTIMEOFDAY 1
| #define HAVE_GMTIME_R 1
| #define HAVE_INET_NTOA 1
| #define HAVE_MEMSET 1
| #define HAVE_SOCKET 1
| #define HAVE_STRFTIME 1
| #define HAVE_ATEXIT 1
| /* end confdefs.h.  */
| 
| int
| main (void)
| {
| (void) strchr;
|   ;
|   return 0;
| }
configure:15267: gcc -c      conftest.c >&5
configure:15267: $? = 0
configure:15284: result: none needed
configure:15298: checking whether gethostbyname is declared
configure:15298: gcc -c      conftest.c >&5
configure:15298: $? = 0
configure:15298: result: yes
configure:15341: checking whether getaddrinfo is declared
configure:15341: gcc -c      conftest.c >&5
configure:15341: $? = 0
configure:15341: result: yes
configure:15384: checking whether gettimeofday is declared
configure:15384: gcc -c      conftest.c >&5
configure:15384: $? = 0
configure:15384: result: yes
configure:15427: checking whether gmtime_r is declared
configure:15427: gcc -c      conftest.c >&5
configure:15427: $? = 0
configure:15427: result: yes
configure:15470: checking whether gmtime_s is declared
configure:15470: gcc -c      conftest.c >&5
conftest.c:80:10: error: use of undeclared identifier 'gmtime_s'
  (void) gmtime_s;
         ^
1 error generated.
configure:15470: $? = 1
configure: failed program was:
| /* confdefs.h */
| #define PACKAGE_NAME "wolfssl"
| #define PACKAGE_TARNAME "wolfssl"
| #define PACKAGE_VERSION "5.5.0"
| #define PACKAGE_STRING "wolfssl 5.5.0"
| #define PACKAGE_BUGREPORT "https://github.com/wolfssl/wolfssl/issues"
| #define PACKAGE_URL "https://www.wolfssl.com"
| #define HAVE_STDIO_H 1
| #define HAVE_STDLIB_H 1
| #define HAVE_STRING_H 1
| #define HAVE_INTTYPES_H 1
| #define HAVE_STDINT_H 1
| #define HAVE_STRINGS_H 1
| #define HAVE_SYS_STAT_H 1
| #define HAVE_SYS_TYPES_H 1
| #define HAVE_UNISTD_H 1
| #define STDC_HEADERS 1
| #define HAVE_DLFCN_H 1
| #define LT_OBJDIR ".libs/"
| #define HAVE_VISIBILITY 1
| #define SIZEOF_LONG_LONG 8
| #define SIZEOF_LONG 8
| #define SIZEOF_TIME_T 8
| #define HAVE___UINT128_T 1
| #define HAVE_ARPA_INET_H 1
| #define HAVE_FCNTL_H 1
| #define HAVE_LIMITS_H 1
| #define HAVE_NETDB_H 1
| #define HAVE_NETINET_IN_H 1
| #define HAVE_STDDEF_H 1
| #define HAVE_TIME_H 1
| #define HAVE_SYS_IOCTL_H 1
| #define HAVE_SYS_SOCKET_H 1
| #define HAVE_SYS_TIME_H 1
| #define HAVE_ERRNO_H 1
| #define HAVE_SYS_UN_H 1
| #define HAVE_LIBNETWORK 1
| #define HAVE_GETHOSTBYNAME 1
| #define HAVE_GETADDRINFO 1
| #define HAVE_GETTIMEOFDAY 1
| #define HAVE_GMTIME_R 1
| #define HAVE_INET_NTOA 1
| #define HAVE_MEMSET 1
| #define HAVE_SOCKET 1
| #define HAVE_STRFTIME 1
| #define HAVE_ATEXIT 1
| #define HAVE_DECL_GETHOSTBYNAME 1
| #define HAVE_DECL_GETADDRINFO 1
| #define HAVE_DECL_GETTIMEOFDAY 1
| #define HAVE_DECL_GMTIME_R 1
| /* end confdefs.h.  */
| 
| #ifdef HAVE_SYS_SOCKET_H
|     #include <sys/socket.h>
| #endif
| #ifdef HAVE_STRING_H
|     #include <string.h>
| #endif
| #ifdef HAVE_NETDB_H
|     #include <netdb.h>
| #endif
| #ifdef HAVE_ARPA_INET_H
|     #include <arpa/inet.h>
| #endif
| #ifdef HAVE_SYS_TIME_H
|     #include <sys/time.h>
| #endif
| #ifdef HAVE_TIME_H
|     #include <time.h>
| #endif
| 
| 
| int
| main (void)
| {
| #ifndef gmtime_s
| #ifdef __cplusplus
|   (void) gmtime_s;
| #else
|   (void) gmtime_s;
| #endif
| #endif
| 
|   ;
|   return 0;
| }
configure:15470: result: no
configure:15513: checking whether inet_ntoa is declared
configure:15513: gcc -c      conftest.c >&5
configure:15513: $? = 0
configure:15513: result: yes
configure:15556: checking whether memset is declared
configure:15556: gcc -c      conftest.c >&5
configure:15556: $? = 0
configure:15556: result: yes
configure:15599: checking whether socket is declared
configure:15599: gcc -c      conftest.c >&5
configure:15599: $? = 0
configure:15599: result: yes
configure:15642: checking whether strftime is declared
configure:15642: gcc -c      conftest.c >&5
configure:15642: $? = 0
configure:15642: result: yes
configure:15688: checking for size_t
configure:15688: gcc -c     conftest.c >&5
configure:15688: $? = 0
configure:15688: gcc -c     conftest.c >&5
conftest.c:88:21: error: expected expression
if (sizeof ((size_t)))
                    ^
1 error generated.
configure:15688: $? = 1
configure: failed program was:
| /* confdefs.h */
| #define PACKAGE_NAME "wolfssl"
| #define PACKAGE_TARNAME "wolfssl"
| #define PACKAGE_VERSION "5.5.0"
| #define PACKAGE_STRING "wolfssl 5.5.0"
| #define PACKAGE_BUGREPORT "https://github.com/wolfssl/wolfssl/issues"
| #define PACKAGE_URL "https://www.wolfssl.com"
| #define HAVE_STDIO_H 1
| #define HAVE_STDLIB_H 1
| #define HAVE_STRING_H 1
| #define HAVE_INTTYPES_H 1
| #define HAVE_STDINT_H 1
| #define HAVE_STRINGS_H 1
| #define HAVE_SYS_STAT_H 1
| #define HAVE_SYS_TYPES_H 1
| #define HAVE_UNISTD_H 1
| #define STDC_HEADERS 1
| #define HAVE_DLFCN_H 1
| #define LT_OBJDIR ".libs/"
| #define HAVE_VISIBILITY 1
| #define SIZEOF_LONG_LONG 8
| #define SIZEOF_LONG 8
| #define SIZEOF_TIME_T 8
| #define HAVE___UINT128_T 1
| #define HAVE_ARPA_INET_H 1
| #define HAVE_FCNTL_H 1
| #define HAVE_LIMITS_H 1
| #define HAVE_NETDB_H 1
| #define HAVE_NETINET_IN_H 1
| #define HAVE_STDDEF_H 1
| #define HAVE_TIME_H 1
| #define HAVE_SYS_IOCTL_H 1
| #define HAVE_SYS_SOCKET_H 1
| #define HAVE_SYS_TIME_H 1
| #define HAVE_ERRNO_H 1
| #define HAVE_SYS_UN_H 1
| #define HAVE_LIBNETWORK 1
| #define HAVE_GETHOSTBYNAME 1
| #define HAVE_GETADDRINFO 1
| #define HAVE_GETTIMEOFDAY 1
| #define HAVE_GMTIME_R 1
| #define HAVE_INET_NTOA 1
| #define HAVE_MEMSET 1
| #define HAVE_SOCKET 1
| #define HAVE_STRFTIME 1
| #define HAVE_ATEXIT 1
| #define HAVE_DECL_GETHOSTBYNAME 1
| #define HAVE_DECL_GETADDRINFO 1
| #define HAVE_DECL_GETTIMEOFDAY 1
| #define HAVE_DECL_GMTIME_R 1
| #define HAVE_DECL_GMTIME_S 0
| #define HAVE_DECL_INET_NTOA 1
| #define HAVE_DECL_MEMSET 1
| #define HAVE_DECL_SOCKET 1
| #define HAVE_DECL_STRFTIME 1
| /* end confdefs.h.  */
| #include <stddef.h>
| #ifdef HAVE_STDIO_H
| # include <stdio.h>
| #endif
| #ifdef HAVE_STDLIB_H
| # include <stdlib.h>
| #endif
| #ifdef HAVE_STRING_H
| # include <string.h>
| #endif
| #ifdef HAVE_INTTYPES_H
| # include <inttypes.h>
| #endif
| #ifdef HAVE_STDINT_H
| # include <stdint.h>
| #endif
| #ifdef HAVE_STRINGS_H
| # include <strings.h>
| #endif
| #ifdef HAVE_SYS_TYPES_H
| # include <sys/types.h>
| #endif
| #ifdef HAVE_SYS_STAT_H
| # include <sys/stat.h>
| #endif
| #ifdef HAVE_UNISTD_H
| # include <unistd.h>
| #endif
| int
| main (void)
| {
| if (sizeof ((size_t)))
| 	    return 0;
|   ;
|   return 0;
| }
configure:15688: result: yes
configure:15698: checking for uint8_t
configure:15698: gcc -c     conftest.c >&5
configure:15698: $? = 0
configure:15698: result: yes
configure:15711: checking for uintptr_t
configure:15711: gcc -c     conftest.c >&5
configure:15711: $? = 0
configure:15711: gcc -c     conftest.c >&5
conftest.c:88:24: error: expected expression
if (sizeof ((uintptr_t)))
                       ^
1 error generated.
configure:15711: $? = 1
configure: failed program was:
| /* confdefs.h */
| #define PACKAGE_NAME "wolfssl"
| #define PACKAGE_TARNAME "wolfssl"
| #define PACKAGE_VERSION "5.5.0"
| #define PACKAGE_STRING "wolfssl 5.5.0"
| #define PACKAGE_BUGREPORT "https://github.com/wolfssl/wolfssl/issues"
| #define PACKAGE_URL "https://www.wolfssl.com"
| #define HAVE_STDIO_H 1
| #define HAVE_STDLIB_H 1
| #define HAVE_STRING_H 1
| #define HAVE_INTTYPES_H 1
| #define HAVE_STDINT_H 1
| #define HAVE_STRINGS_H 1
| #define HAVE_SYS_STAT_H 1
| #define HAVE_SYS_TYPES_H 1
| #define HAVE_UNISTD_H 1
| #define STDC_HEADERS 1
| #define HAVE_DLFCN_H 1
| #define LT_OBJDIR ".libs/"
| #define HAVE_VISIBILITY 1
| #define SIZEOF_LONG_LONG 8
| #define SIZEOF_LONG 8
| #define SIZEOF_TIME_T 8
| #define HAVE___UINT128_T 1
| #define HAVE_ARPA_INET_H 1
| #define HAVE_FCNTL_H 1
| #define HAVE_LIMITS_H 1
| #define HAVE_NETDB_H 1
| #define HAVE_NETINET_IN_H 1
| #define HAVE_STDDEF_H 1
| #define HAVE_TIME_H 1
| #define HAVE_SYS_IOCTL_H 1
| #define HAVE_SYS_SOCKET_H 1
| #define HAVE_SYS_TIME_H 1
| #define HAVE_ERRNO_H 1
| #define HAVE_SYS_UN_H 1
| #define HAVE_LIBNETWORK 1
| #define HAVE_GETHOSTBYNAME 1
| #define HAVE_GETADDRINFO 1
| #define HAVE_GETTIMEOFDAY 1
| #define HAVE_GMTIME_R 1
| #define HAVE_INET_NTOA 1
| #define HAVE_MEMSET 1
| #define HAVE_SOCKET 1
| #define HAVE_STRFTIME 1
| #define HAVE_ATEXIT 1
| #define HAVE_DECL_GETHOSTBYNAME 1
| #define HAVE_DECL_GETADDRINFO 1
| #define HAVE_DECL_GETTIMEOFDAY 1
| #define HAVE_DECL_GMTIME_R 1
| #define HAVE_DECL_GMTIME_S 0
| #define HAVE_DECL_INET_NTOA 1
| #define HAVE_DECL_MEMSET 1
| #define HAVE_DECL_SOCKET 1
| #define HAVE_DECL_STRFTIME 1
| /* end confdefs.h.  */
| #include <stddef.h>
| #ifdef HAVE_STDIO_H
| # include <stdio.h>
| #endif
| #ifdef HAVE_STDLIB_H
| # include <stdlib.h>
| #endif
| #ifdef HAVE_STRING_H
| # include <string.h>
| #endif
| #ifdef HAVE_INTTYPES_H
| # include <inttypes.h>
| #endif
| #ifdef HAVE_STDINT_H
| # include <stdint.h>
| #endif
| #ifdef HAVE_STRINGS_H
| # include <strings.h>
| #endif
| #ifdef HAVE_SYS_TYPES_H
| # include <sys/types.h>
| #endif
| #ifdef HAVE_SYS_STAT_H
| # include <sys/stat.h>
| #endif
| #ifdef HAVE_UNISTD_H
| # include <unistd.h>
| #endif
| int
| main (void)
| {
| if (sizeof ((uintptr_t)))
| 	    return 0;
|   ;
|   return 0;
| }
configure:15711: result: yes
configure:15756: checking dependency style of gcc
configure:15866: result: gcc3
configure:15896: checking for thread local storage (TLS) class
configure:15919: gcc -c     conftest.c >&5
conftest.c:62:9: error: unknown type name 'thread_local'
static  thread_local  int bar;
        ^
1 error generated.
configure:15919: $? = 1
configure: failed program was:
| /* confdefs.h */
| #define PACKAGE_NAME "wolfssl"
| #define PACKAGE_TARNAME "wolfssl"
| #define PACKAGE_VERSION "5.5.0"
| #define PACKAGE_STRING "wolfssl 5.5.0"
| #define PACKAGE_BUGREPORT "https://github.com/wolfssl/wolfssl/issues"
| #define PACKAGE_URL "https://www.wolfssl.com"
| #define HAVE_STDIO_H 1
| #define HAVE_STDLIB_H 1
| #define HAVE_STRING_H 1
| #define HAVE_INTTYPES_H 1
| #define HAVE_STDINT_H 1
| #define HAVE_STRINGS_H 1
| #define HAVE_SYS_STAT_H 1
| #define HAVE_SYS_TYPES_H 1
| #define HAVE_UNISTD_H 1
| #define STDC_HEADERS 1
| #define HAVE_DLFCN_H 1
| #define LT_OBJDIR ".libs/"
| #define HAVE_VISIBILITY 1
| #define SIZEOF_LONG_LONG 8
| #define SIZEOF_LONG 8
| #define SIZEOF_TIME_T 8
| #define HAVE___UINT128_T 1
| #define HAVE_ARPA_INET_H 1
| #define HAVE_FCNTL_H 1
| #define HAVE_LIMITS_H 1
| #define HAVE_NETDB_H 1
| #define HAVE_NETINET_IN_H 1
| #define HAVE_STDDEF_H 1
| #define HAVE_TIME_H 1
| #define HAVE_SYS_IOCTL_H 1
| #define HAVE_SYS_SOCKET_H 1
| #define HAVE_SYS_TIME_H 1
| #define HAVE_ERRNO_H 1
| #define HAVE_SYS_UN_H 1
| #define HAVE_LIBNETWORK 1
| #define HAVE_GETHOSTBYNAME 1
| #define HAVE_GETADDRINFO 1
| #define HAVE_GETTIMEOFDAY 1
| #define HAVE_GMTIME_R 1
| #define HAVE_INET_NTOA 1
| #define HAVE_MEMSET 1
| #define HAVE_SOCKET 1
| #define HAVE_STRFTIME 1
| #define HAVE_ATEXIT 1
| #define HAVE_DECL_GETHOSTBYNAME 1
| #define HAVE_DECL_GETADDRINFO 1
| #define HAVE_DECL_GETTIMEOFDAY 1
| #define HAVE_DECL_GMTIME_R 1
| #define HAVE_DECL_GMTIME_S 0
| #define HAVE_DECL_INET_NTOA 1
| #define HAVE_DECL_MEMSET 1
| #define HAVE_DECL_SOCKET 1
| #define HAVE_DECL_STRFTIME 1
| #define HAVE_UINTPTR_T 1
| /* end confdefs.h.  */
| #include <stdlib.h>
| int
| main (void)
| {
| static  thread_local  int bar;
| 
|   ;
|   return 0;
| }
configure:15919: gcc -c     conftest.c >&5
configure:15919: $? = 0
configure:15933: result: _Thread_local
configure:15973: checking for debug
configure:15975: result: no
configure:16993: checking how to run the C preprocessor
configure:17019: gcc -E  conftest.c
configure:17019: $? = 0
configure:17034: gcc -E  conftest.c
conftest.c:60:10: fatal error: 'ac_nonexistent.h' file not found
#include <ac_nonexistent.h>
         ^~~~~~~~~~~~~~~~~~
1 error generated.
configure:17034: $? = 1
configure: failed program was:
| /* confdefs.h */
| #define PACKAGE_NAME "wolfssl"
| #define PACKAGE_TARNAME "wolfssl"
| #define PACKAGE_VERSION "5.5.0"
| #define PACKAGE_STRING "wolfssl 5.5.0"
| #define PACKAGE_BUGREPORT "https://github.com/wolfssl/wolfssl/issues"
| #define PACKAGE_URL "https://www.wolfssl.com"
| #define HAVE_STDIO_H 1
| #define HAVE_STDLIB_H 1
| #define HAVE_STRING_H 1
| #define HAVE_INTTYPES_H 1
| #define HAVE_STDINT_H 1
| #define HAVE_STRINGS_H 1
| #define HAVE_SYS_STAT_H 1
| #define HAVE_SYS_TYPES_H 1
| #define HAVE_UNISTD_H 1
| #define STDC_HEADERS 1
| #define HAVE_DLFCN_H 1
| #define LT_OBJDIR ".libs/"
| #define HAVE_VISIBILITY 1
| #define SIZEOF_LONG_LONG 8
| #define SIZEOF_LONG 8
| #define SIZEOF_TIME_T 8
| #define HAVE___UINT128_T 1
| #define HAVE_ARPA_INET_H 1
| #define HAVE_FCNTL_H 1
| #define HAVE_LIMITS_H 1
| #define HAVE_NETDB_H 1
| #define HAVE_NETINET_IN_H 1
| #define HAVE_STDDEF_H 1
| #define HAVE_TIME_H 1
| #define HAVE_SYS_IOCTL_H 1
| #define HAVE_SYS_SOCKET_H 1
| #define HAVE_SYS_TIME_H 1
| #define HAVE_ERRNO_H 1
| #define HAVE_SYS_UN_H 1
| #define HAVE_LIBNETWORK 1
| #define HAVE_GETHOSTBYNAME 1
| #define HAVE_GETADDRINFO 1
| #define HAVE_GETTIMEOFDAY 1
| #define HAVE_GMTIME_R 1
| #define HAVE_INET_NTOA 1
| #define HAVE_MEMSET 1
| #define HAVE_SOCKET 1
| #define HAVE_STRFTIME 1
| #define HAVE_ATEXIT 1
| #define HAVE_DECL_GETHOSTBYNAME 1
| #define HAVE_DECL_GETADDRINFO 1
| #define HAVE_DECL_GETTIMEOFDAY 1
| #define HAVE_DECL_GMTIME_R 1
| #define HAVE_DECL_GMTIME_S 0
| #define HAVE_DECL_INET_NTOA 1
| #define HAVE_DECL_MEMSET 1
| #define HAVE_DECL_SOCKET 1
| #define HAVE_DECL_STRFTIME 1
| #define HAVE_UINTPTR_T 1
| #define TLS _Thread_local
| #define DEBUG 0
| /* end confdefs.h.  */
| #include <ac_nonexistent.h>
configure:17061: result: gcc -E
configure:17075: gcc -E  conftest.c
configure:17075: $? = 0
configure:17090: gcc -E  conftest.c
conftest.c:60:10: fatal error: 'ac_nonexistent.h' file not found
#include <ac_nonexistent.h>
         ^~~~~~~~~~~~~~~~~~
1 error generated.
configure:17090: $? = 1
configure: failed program was:
| /* confdefs.h */
| #define PACKAGE_NAME "wolfssl"
| #define PACKAGE_TARNAME "wolfssl"
| #define PACKAGE_VERSION "5.5.0"
| #define PACKAGE_STRING "wolfssl 5.5.0"
| #define PACKAGE_BUGREPORT "https://github.com/wolfssl/wolfssl/issues"
| #define PACKAGE_URL "https://www.wolfssl.com"
| #define HAVE_STDIO_H 1
| #define HAVE_STDLIB_H 1
| #define HAVE_STRING_H 1
| #define HAVE_INTTYPES_H 1
| #define HAVE_STDINT_H 1
| #define HAVE_STRINGS_H 1
| #define HAVE_SYS_STAT_H 1
| #define HAVE_SYS_TYPES_H 1
| #define HAVE_UNISTD_H 1
| #define STDC_HEADERS 1
| #define HAVE_DLFCN_H 1
| #define LT_OBJDIR ".libs/"
| #define HAVE_VISIBILITY 1
| #define SIZEOF_LONG_LONG 8
| #define SIZEOF_LONG 8
| #define SIZEOF_TIME_T 8
| #define HAVE___UINT128_T 1
| #define HAVE_ARPA_INET_H 1
| #define HAVE_FCNTL_H 1
| #define HAVE_LIMITS_H 1
| #define HAVE_NETDB_H 1
| #define HAVE_NETINET_IN_H 1
| #define HAVE_STDDEF_H 1
| #define HAVE_TIME_H 1
| #define HAVE_SYS_IOCTL_H 1
| #define HAVE_SYS_SOCKET_H 1
| #define HAVE_SYS_TIME_H 1
| #define HAVE_ERRNO_H 1
| #define HAVE_SYS_UN_H 1
| #define HAVE_LIBNETWORK 1
| #define HAVE_GETHOSTBYNAME 1
| #define HAVE_GETADDRINFO 1
| #define HAVE_GETTIMEOFDAY 1
| #define HAVE_GMTIME_R 1
| #define HAVE_INET_NTOA 1
| #define HAVE_MEMSET 1
| #define HAVE_SOCKET 1
| #define HAVE_STRFTIME 1
| #define HAVE_ATEXIT 1
| #define HAVE_DECL_GETHOSTBYNAME 1
| #define HAVE_DECL_GETADDRINFO 1
| #define HAVE_DECL_GETTIMEOFDAY 1
| #define HAVE_DECL_GMTIME_R 1
| #define HAVE_DECL_GMTIME_S 0
| #define HAVE_DECL_INET_NTOA 1
| #define HAVE_DECL_MEMSET 1
| #define HAVE_DECL_SOCKET 1
| #define HAVE_DECL_STRFTIME 1
| #define HAVE_UINTPTR_T 1
| #define TLS _Thread_local
| #define DEBUG 0
| /* end confdefs.h.  */
| #include <ac_nonexistent.h>
configure:17284: checking whether gcc is Clang
configure:17311: result: yes
configure:17376: checking whether pthreads work with "-pthread" and "-lpthread"
configure:17487: gcc -o conftest    -pthread   conftest.c -lpthread -lnetwork  >&5
configure:17487: $? = 0
configure:17497: result: yes
configure:17546: checking whether Clang needs flag to prevent "argument unused" warning when linking with -pthread
configure:17573: gcc -o conftest -Werror -Wunknown-warning-option  -pthread      conftest.c -lnetwork  >&5
configure:17573: $? = 0
configure:17580: (gcc -c -Werror -Wunknown-warning-option  -pthread     conftest.c >&5) && (echo ==== >&5) && (gcc -o conftest -Werror -Wunknown-warning-option  -pthread      conftest.o -lnetwork  >&5)
====
configure:17580: $? = 0
configure:17600: result: no
configure:17620: checking for joinable pthread attribute
configure:17639: gcc -o conftest    -pthread   conftest.c -lpthread -lnetwork  >&5
configure:17639: $? = 0
configure:17648: result: PTHREAD_CREATE_JOINABLE
configure:17661: checking whether more special flags are required for pthreads
configure:17675: result: no
configure:17684: checking for PTHREAD_PRIO_INHERIT
configure:17702: gcc -o conftest    -pthread   conftest.c -lpthread -lnetwork  >&5
configure:17702: $? = 0
configure:17712: result: yes
configure:25638: checking for fast RSA
configure:25653: result: no
configure:27714: checking for library containing gethostbyname
configure:27744: gcc -o conftest      conftest.c -lnetwork  -lpthread >&5
configure:27744: $? = 0
configure:27764: result: none required
configure:27773: checking for library containing socket
configure:27803: gcc -o conftest      conftest.c -lnetwork  -lpthread >&5
configure:27803: $? = 0
configure:27823: result: none required
configure:27875: checking for vcs system
configure:27900: result: none
configure:27907: checking for vcs checkout
configure:27921: result: no
configure:27998: checking whether the linker accepts -Werror
configure:28018: gcc -o conftest       -Werror conftest.c -lnetwork  -lpthread >&5
configure:28018: $? = 0
configure:28028: result: yes
configure:28043: checking whether the linker accepts -z relro -z now
configure:28063: gcc -o conftest      -Werror -z relro -z now conftest.c -lnetwork  -lpthread >&5
ld: unknown option: -z
clang: error: linker command failed with exit code 1 (use -v to see invocation)
configure:28063: $? = 1
configure: failed program was:
| /* confdefs.h */
| #define PACKAGE_NAME "wolfssl"
| #define PACKAGE_TARNAME "wolfssl"
| #define PACKAGE_VERSION "5.5.0"
| #define PACKAGE_STRING "wolfssl 5.5.0"
| #define PACKAGE_BUGREPORT "https://github.com/wolfssl/wolfssl/issues"
| #define PACKAGE_URL "https://www.wolfssl.com"
| #define HAVE_STDIO_H 1
| #define HAVE_STDLIB_H 1
| #define HAVE_STRING_H 1
| #define HAVE_INTTYPES_H 1
| #define HAVE_STDINT_H 1
| #define HAVE_STRINGS_H 1
| #define HAVE_SYS_STAT_H 1
| #define HAVE_SYS_TYPES_H 1
| #define HAVE_UNISTD_H 1
| #define STDC_HEADERS 1
| #define HAVE_DLFCN_H 1
| #define LT_OBJDIR ".libs/"
| #define HAVE_VISIBILITY 1
| #define SIZEOF_LONG_LONG 8
| #define SIZEOF_LONG 8
| #define SIZEOF_TIME_T 8
| #define HAVE___UINT128_T 1
| #define HAVE_ARPA_INET_H 1
| #define HAVE_FCNTL_H 1
| #define HAVE_LIMITS_H 1
| #define HAVE_NETDB_H 1
| #define HAVE_NETINET_IN_H 1
| #define HAVE_STDDEF_H 1
| #define HAVE_TIME_H 1
| #define HAVE_SYS_IOCTL_H 1
| #define HAVE_SYS_SOCKET_H 1
| #define HAVE_SYS_TIME_H 1
| #define HAVE_ERRNO_H 1
| #define HAVE_SYS_UN_H 1
| #define HAVE_LIBNETWORK 1
| #define HAVE_GETHOSTBYNAME 1
| #define HAVE_GETADDRINFO 1
| #define HAVE_GETTIMEOFDAY 1
| #define HAVE_GMTIME_R 1
| #define HAVE_INET_NTOA 1
| #define HAVE_MEMSET 1
| #define HAVE_SOCKET 1
| #define HAVE_STRFTIME 1
| #define HAVE_ATEXIT 1
| #define HAVE_DECL_GETHOSTBYNAME 1
| #define HAVE_DECL_GETADDRINFO 1
| #define HAVE_DECL_GETTIMEOFDAY 1
| #define HAVE_DECL_GMTIME_R 1
| #define HAVE_DECL_GMTIME_S 0
| #define HAVE_DECL_INET_NTOA 1
| #define HAVE_DECL_MEMSET 1
| #define HAVE_DECL_SOCKET 1
| #define HAVE_DECL_STRFTIME 1
| #define HAVE_UINTPTR_T 1
| #define TLS _Thread_local
| #define DEBUG 0
| #define HAVE_PTHREAD_PRIO_INHERIT 1
| #define HAVE_PTHREAD 1
| #define BUILD_USER_RSA /**/
| #define VCS_SYSTEM "none"
| #define VCS_CHECKOUT 0
| /* end confdefs.h.  */
| 
| int
| main (void)
| {
| 
|   ;
|   return 0;
| }
configure:28074: result: no
configure:28087: checking whether the linker accepts -pie
configure:28107: gcc -o conftest      -Werror -pie conftest.c -lnetwork  -lpthread >&5
clang: error: argument unused during compilation: '-pie' [-Werror,-Wunused-command-line-argument]
configure:28107: $? = 1
configure: failed program was:
| /* confdefs.h */
| #define PACKAGE_NAME "wolfssl"
| #define PACKAGE_TARNAME "wolfssl"
| #define PACKAGE_VERSION "5.5.0"
| #define PACKAGE_STRING "wolfssl 5.5.0"
| #define PACKAGE_BUGREPORT "https://github.com/wolfssl/wolfssl/issues"
| #define PACKAGE_URL "https://www.wolfssl.com"
| #define HAVE_STDIO_H 1
| #define HAVE_STDLIB_H 1
| #define HAVE_STRING_H 1
| #define HAVE_INTTYPES_H 1
| #define HAVE_STDINT_H 1
| #define HAVE_STRINGS_H 1
| #define HAVE_SYS_STAT_H 1
| #define HAVE_SYS_TYPES_H 1
| #define HAVE_UNISTD_H 1
| #define STDC_HEADERS 1
| #define HAVE_DLFCN_H 1
| #define LT_OBJDIR ".libs/"
| #define HAVE_VISIBILITY 1
| #define SIZEOF_LONG_LONG 8
| #define SIZEOF_LONG 8
| #define SIZEOF_TIME_T 8
| #define HAVE___UINT128_T 1
| #define HAVE_ARPA_INET_H 1
| #define HAVE_FCNTL_H 1
| #define HAVE_LIMITS_H 1
| #define HAVE_NETDB_H 1
| #define HAVE_NETINET_IN_H 1
| #define HAVE_STDDEF_H 1
| #define HAVE_TIME_H 1
| #define HAVE_SYS_IOCTL_H 1
| #define HAVE_SYS_SOCKET_H 1
| #define HAVE_SYS_TIME_H 1
| #define HAVE_ERRNO_H 1
| #define HAVE_SYS_UN_H 1
| #define HAVE_LIBNETWORK 1
| #define HAVE_GETHOSTBYNAME 1
| #define HAVE_GETADDRINFO 1
| #define HAVE_GETTIMEOFDAY 1
| #define HAVE_GMTIME_R 1
| #define HAVE_INET_NTOA 1
| #define HAVE_MEMSET 1
| #define HAVE_SOCKET 1
| #define HAVE_STRFTIME 1
| #define HAVE_ATEXIT 1
| #define HAVE_DECL_GETHOSTBYNAME 1
| #define HAVE_DECL_GETADDRINFO 1
| #define HAVE_DECL_GETTIMEOFDAY 1
| #define HAVE_DECL_GMTIME_R 1
| #define HAVE_DECL_GMTIME_S 0
| #define HAVE_DECL_INET_NTOA 1
| #define HAVE_DECL_MEMSET 1
| #define HAVE_DECL_SOCKET 1
| #define HAVE_DECL_STRFTIME 1
| #define HAVE_UINTPTR_T 1
| #define TLS _Thread_local
| #define DEBUG 0
| #define HAVE_PTHREAD_PRIO_INHERIT 1
| #define HAVE_PTHREAD 1
| #define BUILD_USER_RSA /**/
| #define VCS_SYSTEM "none"
| #define VCS_CHECKOUT 0
| /* end confdefs.h.  */
| 
| int
| main (void)
| {
| 
|   ;
|   return 0;
| }
configure:28118: result: no
configure:28238: checking whether C compiler accepts -Werror
configure:28258: gcc -c     -Werror  conftest.c >&5
configure:28258: $? = 0
configure:28268: result: yes
configure:28286: : ax_append_compile_cflags_extra="$ax_append_compile_cflags_extra"
configure:28289: $? = 0
configure:28563: checking whether C compiler accepts -Wno-pragmas
configure:28583: gcc -c     -Werror -Wno-pragmas  conftest.c >&5
configure:28583: $? = 0
configure:28593: result: yes
configure:28611: : CFLAGS="$CFLAGS"
configure:28614: $? = 0
configure:28643: checking whether C compiler accepts -Wall
configure:28663: gcc -c    -Wno-pragmas  -Werror -Wall  conftest.c >&5
configure:28663: $? = 0
configure:28673: result: yes
configure:28691: : CFLAGS="$CFLAGS"
configure:28694: $? = 0
configure:28722: checking whether C compiler accepts -Wextra
configure:28742: gcc -c    -Wno-pragmas -Wall  -Werror -Wextra  conftest.c >&5
configure:28742: $? = 0
configure:28752: result: yes
configure:28770: : CFLAGS="$CFLAGS"
configure:28773: $? = 0
configure:28801: checking whether C compiler accepts -Wunknown-pragmas
configure:28821: gcc -c    -Wno-pragmas -Wall -Wextra  -Werror -Wunknown-pragmas  conftest.c >&5
configure:28821: $? = 0
configure:28831: result: yes
configure:28849: : CFLAGS="$CFLAGS"
configure:28852: $? = 0
configure:28880: checking whether C compiler accepts -Wthis-test-should-fail
configure:28900: gcc -c    -Wno-pragmas -Wall -Wextra -Wunknown-pragmas  -Werror -Wthis-test-should-fail  conftest.c >&5
error: unknown warning option '-Wthis-test-should-fail' [-Werror,-Wunknown-warning-option]
configure:28900: $? = 1
configure: failed program was:
| /* confdefs.h */
| #define PACKAGE_NAME "wolfssl"
| #define PACKAGE_TARNAME "wolfssl"
| #define PACKAGE_VERSION "5.5.0"
| #define PACKAGE_STRING "wolfssl 5.5.0"
| #define PACKAGE_BUGREPORT "https://github.com/wolfssl/wolfssl/issues"
| #define PACKAGE_URL "https://www.wolfssl.com"
| #define HAVE_STDIO_H 1
| #define HAVE_STDLIB_H 1
| #define HAVE_STRING_H 1
| #define HAVE_INTTYPES_H 1
| #define HAVE_STDINT_H 1
| #define HAVE_STRINGS_H 1
| #define HAVE_SYS_STAT_H 1
| #define HAVE_SYS_TYPES_H 1
| #define HAVE_UNISTD_H 1
| #define STDC_HEADERS 1
| #define HAVE_DLFCN_H 1
| #define LT_OBJDIR ".libs/"
| #define HAVE_VISIBILITY 1
| #define SIZEOF_LONG_LONG 8
| #define SIZEOF_LONG 8
| #define SIZEOF_TIME_T 8
| #define HAVE___UINT128_T 1
| #define HAVE_ARPA_INET_H 1
| #define HAVE_FCNTL_H 1
| #define HAVE_LIMITS_H 1
| #define HAVE_NETDB_H 1
| #define HAVE_NETINET_IN_H 1
| #define HAVE_STDDEF_H 1
| #define HAVE_TIME_H 1
| #define HAVE_SYS_IOCTL_H 1
| #define HAVE_SYS_SOCKET_H 1
| #define HAVE_SYS_TIME_H 1
| #define HAVE_ERRNO_H 1
| #define HAVE_SYS_UN_H 1
| #define HAVE_LIBNETWORK 1
| #define HAVE_GETHOSTBYNAME 1
| #define HAVE_GETADDRINFO 1
| #define HAVE_GETTIMEOFDAY 1
| #define HAVE_GMTIME_R 1
| #define HAVE_INET_NTOA 1
| #define HAVE_MEMSET 1
| #define HAVE_SOCKET 1
| #define HAVE_STRFTIME 1
| #define HAVE_ATEXIT 1
| #define HAVE_DECL_GETHOSTBYNAME 1
| #define HAVE_DECL_GETADDRINFO 1
| #define HAVE_DECL_GETTIMEOFDAY 1
| #define HAVE_DECL_GMTIME_R 1
| #define HAVE_DECL_GMTIME_S 0
| #define HAVE_DECL_INET_NTOA 1
| #define HAVE_DECL_MEMSET 1
| #define HAVE_DECL_SOCKET 1
| #define HAVE_DECL_STRFTIME 1
| #define HAVE_UINTPTR_T 1
| #define TLS _Thread_local
| #define DEBUG 0
| #define HAVE_PTHREAD_PRIO_INHERIT 1
| #define HAVE_PTHREAD 1
| #define BUILD_USER_RSA /**/
| #define VCS_SYSTEM "none"
| #define VCS_CHECKOUT 0
| /* end confdefs.h.  */
| 
| int
| main (void)
| {
| 
|   ;
|   return 0;
| }
configure:28910: result: no
configure:28964: checking whether C compiler accepts --param=ssp-buffer-size=1
configure:28984: gcc -c    -Wno-pragmas -Wall -Wextra -Wunknown-pragmas  -Werror --param=ssp-buffer-size=1  conftest.c >&5
configure:28984: $? = 0
configure:28994: result: yes
configure:29012: : CFLAGS="$CFLAGS"
configure:29015: $? = 0
configure:29045: checking whether C compiler accepts -Waddress
configure:29065: gcc -c    -Wno-pragmas -Wall -Wextra -Wunknown-pragmas --param=ssp-buffer-size=1  -Werror -Waddress  conftest.c >&5
configure:29065: $? = 0
configure:29075: result: yes
configure:29093: : CFLAGS="$CFLAGS"
configure:29096: $? = 0
configure:29124: checking whether C compiler accepts -Warray-bounds
configure:29144: gcc -c    -Wno-pragmas -Wall -Wextra -Wunknown-pragmas --param=ssp-buffer-size=1 -Waddress  -Werror -Warray-bounds  conftest.c >&5
configure:29144: $? = 0
configure:29154: result: yes
configure:29172: : CFLAGS="$CFLAGS"
configure:29175: $? = 0
configure:29203: checking whether C compiler accepts -Wbad-function-cast
configure:29223: gcc -c    -Wno-pragmas -Wall -Wextra -Wunknown-pragmas --param=ssp-buffer-size=1 -Waddress -Warray-bounds  -Werror -Wbad-function-cast  conftest.c >&5
configure:29223: $? = 0
configure:29233: result: yes
configure:29251: : CFLAGS="$CFLAGS"
configure:29254: $? = 0
configure:29282: checking whether C compiler accepts -Wchar-subscripts
configure:29302: gcc -c    -Wno-pragmas -Wall -Wextra -Wunknown-pragmas --param=ssp-buffer-size=1 -Waddress -Warray-bounds -Wbad-function-cast  -Werror -Wchar-subscripts  conftest.c >&5
configure:29302: $? = 0
configure:29312: result: yes
configure:29330: : CFLAGS="$CFLAGS"
configure:29333: $? = 0
configure:29361: checking whether C compiler accepts -Wcomment
configure:29381: gcc -c    -Wno-pragmas -Wall -Wextra -Wunknown-pragmas --param=ssp-buffer-size=1 -Waddress -Warray-bounds -Wbad-function-cast -Wchar-subscripts  -Werror -Wcomment  conftest.c >&5
configure:29381: $? = 0
configure:29391: result: yes
configure:29409: : CFLAGS="$CFLAGS"
configure:29412: $? = 0
configure:29440: checking whether C compiler accepts -Wfloat-equal
configure:29460: gcc -c    -Wno-pragmas -Wall -Wextra -Wunknown-pragmas --param=ssp-buffer-size=1 -Waddress -Warray-bounds -Wbad-function-cast -Wchar-subscripts -Wcomment  -Werror -Wfloat-equal  conftest.c >&5
configure:29460: $? = 0
configure:29470: result: yes
configure:29488: : CFLAGS="$CFLAGS"
configure:29491: $? = 0
configure:29519: checking whether C compiler accepts -Wformat-security
configure:29539: gcc -c    -Wno-pragmas -Wall -Wextra -Wunknown-pragmas --param=ssp-buffer-size=1 -Waddress -Warray-bounds -Wbad-function-cast -Wchar-subscripts -Wcomment -Wfloat-equal  -Werror -Wformat-security  conftest.c >&5
configure:29539: $? = 0
configure:29549: result: yes
configure:29567: : CFLAGS="$CFLAGS"
configure:29570: $? = 0
configure:29598: checking whether C compiler accepts -Wformat=2
configure:29618: gcc -c    -Wno-pragmas -Wall -Wextra -Wunknown-pragmas --param=ssp-buffer-size=1 -Waddress -Warray-bounds -Wbad-function-cast -Wchar-subscripts -Wcomment -Wfloat-equal -Wformat-security  -Werror -Wformat=2  conftest.c >&5
configure:29618: $? = 0
configure:29628: result: yes
configure:29646: : CFLAGS="$CFLAGS"
configure:29649: $? = 0
configure:29677: checking whether C compiler accepts -Wmaybe-uninitialized
configure:29697: gcc -c    -Wno-pragmas -Wall -Wextra -Wunknown-pragmas --param=ssp-buffer-size=1 -Waddress -Warray-bounds -Wbad-function-cast -Wchar-subscripts -Wcomment -Wfloat-equal -Wformat-security -Wformat=2  -Werror -Wmaybe-uninitialized  conftest.c >&5
error: unknown warning option '-Wmaybe-uninitialized'; did you mean '-Wuninitialized'? [-Werror,-Wunknown-warning-option]
configure:29697: $? = 1
configure: failed program was:
| /* confdefs.h */
| #define PACKAGE_NAME "wolfssl"
| #define PACKAGE_TARNAME "wolfssl"
| #define PACKAGE_VERSION "5.5.0"
| #define PACKAGE_STRING "wolfssl 5.5.0"
| #define PACKAGE_BUGREPORT "https://github.com/wolfssl/wolfssl/issues"
| #define PACKAGE_URL "https://www.wolfssl.com"
| #define HAVE_STDIO_H 1
| #define HAVE_STDLIB_H 1
| #define HAVE_STRING_H 1
| #define HAVE_INTTYPES_H 1
| #define HAVE_STDINT_H 1
| #define HAVE_STRINGS_H 1
| #define HAVE_SYS_STAT_H 1
| #define HAVE_SYS_TYPES_H 1
| #define HAVE_UNISTD_H 1
| #define STDC_HEADERS 1
| #define HAVE_DLFCN_H 1
| #define LT_OBJDIR ".libs/"
| #define HAVE_VISIBILITY 1
| #define SIZEOF_LONG_LONG 8
| #define SIZEOF_LONG 8
| #define SIZEOF_TIME_T 8
| #define HAVE___UINT128_T 1
| #define HAVE_ARPA_INET_H 1
| #define HAVE_FCNTL_H 1
| #define HAVE_LIMITS_H 1
| #define HAVE_NETDB_H 1
| #define HAVE_NETINET_IN_H 1
| #define HAVE_STDDEF_H 1
| #define HAVE_TIME_H 1
| #define HAVE_SYS_IOCTL_H 1
| #define HAVE_SYS_SOCKET_H 1
| #define HAVE_SYS_TIME_H 1
| #define HAVE_ERRNO_H 1
| #define HAVE_SYS_UN_H 1
| #define HAVE_LIBNETWORK 1
| #define HAVE_GETHOSTBYNAME 1
| #define HAVE_GETADDRINFO 1
| #define HAVE_GETTIMEOFDAY 1
| #define HAVE_GMTIME_R 1
| #define HAVE_INET_NTOA 1
| #define HAVE_MEMSET 1
| #define HAVE_SOCKET 1
| #define HAVE_STRFTIME 1
| #define HAVE_ATEXIT 1
| #define HAVE_DECL_GETHOSTBYNAME 1
| #define HAVE_DECL_GETADDRINFO 1
| #define HAVE_DECL_GETTIMEOFDAY 1
| #define HAVE_DECL_GMTIME_R 1
| #define HAVE_DECL_GMTIME_S 0
| #define HAVE_DECL_INET_NTOA 1
| #define HAVE_DECL_MEMSET 1
| #define HAVE_DECL_SOCKET 1
| #define HAVE_DECL_STRFTIME 1
| #define HAVE_UINTPTR_T 1
| #define TLS _Thread_local
| #define DEBUG 0
| #define HAVE_PTHREAD_PRIO_INHERIT 1
| #define HAVE_PTHREAD 1
| #define BUILD_USER_RSA /**/
| #define VCS_SYSTEM "none"
| #define VCS_CHECKOUT 0
| /* end confdefs.h.  */
| 
| int
| main (void)
| {
| 
|   ;
|   return 0;
| }
configure:29707: result: no
configure:29756: checking whether C compiler accepts -Wmissing-field-initializers
configure:29776: gcc -c    -Wno-pragmas -Wall -Wextra -Wunknown-pragmas --param=ssp-buffer-size=1 -Waddress -Warray-bounds -Wbad-function-cast -Wchar-subscripts -Wcomment -Wfloat-equal -Wformat-security -Wformat=2  -Werror -Wmissing-field-initializers  conftest.c >&5
configure:29776: $? = 0
configure:29786: result: yes
configure:29804: : CFLAGS="$CFLAGS"
configure:29807: $? = 0
configure:29835: checking whether C compiler accepts -Wmissing-noreturn
configure:29855: gcc -c    -Wno-pragmas -Wall -Wextra -Wunknown-pragmas --param=ssp-buffer-size=1 -Waddress -Warray-bounds -Wbad-function-cast -Wchar-subscripts -Wcomment -Wfloat-equal -Wformat-security -Wformat=2 -Wmissing-field-initializers  -Werror -Wmissing-noreturn  conftest.c >&5
configure:29855: $? = 0
configure:29865: result: yes
configure:29883: : CFLAGS="$CFLAGS"
configure:29886: $? = 0
configure:29914: checking whether C compiler accepts -Wmissing-prototypes
configure:29934: gcc -c    -Wno-pragmas -Wall -Wextra -Wunknown-pragmas --param=ssp-buffer-size=1 -Waddress -Warray-bounds -Wbad-function-cast -Wchar-subscripts -Wcomment -Wfloat-equal -Wformat-security -Wformat=2 -Wmissing-field-initializers -Wmissing-noreturn  -Werror -Wmissing-prototypes  conftest.c >&5
configure:29934: $? = 0
configure:29944: result: yes
configure:29962: : CFLAGS="$CFLAGS"
configure:29965: $? = 0
configure:29993: checking whether C compiler accepts -Wnested-externs
configure:30013: gcc -c    -Wno-pragmas -Wall -Wextra -Wunknown-pragmas --param=ssp-buffer-size=1 -Waddress -Warray-bounds -Wbad-function-cast -Wchar-subscripts -Wcomment -Wfloat-equal -Wformat-security -Wformat=2 -Wmissing-field-initializers -Wmissing-noreturn -Wmissing-prototypes  -Werror -Wnested-externs  conftest.c >&5
configure:30013: $? = 0
configure:30023: result: yes
configure:30041: : CFLAGS="$CFLAGS"
configure:30044: $? = 0
configure:30072: checking whether C compiler accepts -Wnormalized=id
configure:30092: gcc -c    -Wno-pragmas -Wall -Wextra -Wunknown-pragmas --param=ssp-buffer-size=1 -Waddress -Warray-bounds -Wbad-function-cast -Wchar-subscripts -Wcomment -Wfloat-equal -Wformat-security -Wformat=2 -Wmissing-field-initializers -Wmissing-noreturn -Wmissing-prototypes -Wnested-externs  -Werror -Wnormalized=id  conftest.c >&5
error: unknown warning option '-Wnormalized=id' [-Werror,-Wunknown-warning-option]
configure:30092: $? = 1
configure: failed program was:
| /* confdefs.h */
| #define PACKAGE_NAME "wolfssl"
| #define PACKAGE_TARNAME "wolfssl"
| #define PACKAGE_VERSION "5.5.0"
| #define PACKAGE_STRING "wolfssl 5.5.0"
| #define PACKAGE_BUGREPORT "https://github.com/wolfssl/wolfssl/issues"
| #define PACKAGE_URL "https://www.wolfssl.com"
| #define HAVE_STDIO_H 1
| #define HAVE_STDLIB_H 1
| #define HAVE_STRING_H 1
| #define HAVE_INTTYPES_H 1
| #define HAVE_STDINT_H 1
| #define HAVE_STRINGS_H 1
| #define HAVE_SYS_STAT_H 1
| #define HAVE_SYS_TYPES_H 1
| #define HAVE_UNISTD_H 1
| #define STDC_HEADERS 1
| #define HAVE_DLFCN_H 1
| #define LT_OBJDIR ".libs/"
| #define HAVE_VISIBILITY 1
| #define SIZEOF_LONG_LONG 8
| #define SIZEOF_LONG 8
| #define SIZEOF_TIME_T 8
| #define HAVE___UINT128_T 1
| #define HAVE_ARPA_INET_H 1
| #define HAVE_FCNTL_H 1
| #define HAVE_LIMITS_H 1
| #define HAVE_NETDB_H 1
| #define HAVE_NETINET_IN_H 1
| #define HAVE_STDDEF_H 1
| #define HAVE_TIME_H 1
| #define HAVE_SYS_IOCTL_H 1
| #define HAVE_SYS_SOCKET_H 1
| #define HAVE_SYS_TIME_H 1
| #define HAVE_ERRNO_H 1
| #define HAVE_SYS_UN_H 1
| #define HAVE_LIBNETWORK 1
| #define HAVE_GETHOSTBYNAME 1
| #define HAVE_GETADDRINFO 1
| #define HAVE_GETTIMEOFDAY 1
| #define HAVE_GMTIME_R 1
| #define HAVE_INET_NTOA 1
| #define HAVE_MEMSET 1
| #define HAVE_SOCKET 1
| #define HAVE_STRFTIME 1
| #define HAVE_ATEXIT 1
| #define HAVE_DECL_GETHOSTBYNAME 1
| #define HAVE_DECL_GETADDRINFO 1
| #define HAVE_DECL_GETTIMEOFDAY 1
| #define HAVE_DECL_GMTIME_R 1
| #define HAVE_DECL_GMTIME_S 0
| #define HAVE_DECL_INET_NTOA 1
| #define HAVE_DECL_MEMSET 1
| #define HAVE_DECL_SOCKET 1
| #define HAVE_DECL_STRFTIME 1
| #define HAVE_UINTPTR_T 1
| #define TLS _Thread_local
| #define DEBUG 0
| #define HAVE_PTHREAD_PRIO_INHERIT 1
| #define HAVE_PTHREAD 1
| #define BUILD_USER_RSA /**/
| #define VCS_SYSTEM "none"
| #define VCS_CHECKOUT 0
| /* end confdefs.h.  */
| 
| int
| main (void)
| {
| 
|   ;
|   return 0;
| }
configure:30102: result: no
configure:30151: checking whether C compiler accepts -Woverride-init
configure:30171: gcc -c    -Wno-pragmas -Wall -Wextra -Wunknown-pragmas --param=ssp-buffer-size=1 -Waddress -Warray-bounds -Wbad-function-cast -Wchar-subscripts -Wcomment -Wfloat-equal -Wformat-security -Wformat=2 -Wmissing-field-initializers -Wmissing-noreturn -Wmissing-prototypes -Wnested-externs  -Werror -Woverride-init  conftest.c >&5
configure:30171: $? = 0
configure:30181: result: yes
configure:30199: : CFLAGS="$CFLAGS"
configure:30202: $? = 0
configure:30230: checking whether C compiler accepts -Wpointer-arith
configure:30250: gcc -c    -Wno-pragmas -Wall -Wextra -Wunknown-pragmas --param=ssp-buffer-size=1 -Waddress -Warray-bounds -Wbad-function-cast -Wchar-subscripts -Wcomment -Wfloat-equal -Wformat-security -Wformat=2 -Wmissing-field-initializers -Wmissing-noreturn -Wmissing-prototypes -Wnested-externs -Woverride-init  -Werror -Wpointer-arith  conftest.c >&5
configure:30250: $? = 0
configure:30260: result: yes
configure:30278: : CFLAGS="$CFLAGS"
configure:30281: $? = 0
configure:30309: checking whether C compiler accepts -Wpointer-sign
configure:30329: gcc -c    -Wno-pragmas -Wall -Wextra -Wunknown-pragmas --param=ssp-buffer-size=1 -Waddress -Warray-bounds -Wbad-function-cast -Wchar-subscripts -Wcomment -Wfloat-equal -Wformat-security -Wformat=2 -Wmissing-field-initializers -Wmissing-noreturn -Wmissing-prototypes -Wnested-externs -Woverride-init -Wpointer-arith  -Werror -Wpointer-sign  conftest.c >&5
configure:30329: $? = 0
configure:30339: result: yes
configure:30357: : CFLAGS="$CFLAGS"
configure:30360: $? = 0
configure:30388: checking whether C compiler accepts -Wredundant-decls
configure:30408: gcc -c    -Wno-pragmas -Wall -Wextra -Wunknown-pragmas --param=ssp-buffer-size=1 -Waddress -Warray-bounds -Wbad-function-cast -Wchar-subscripts -Wcomment -Wfloat-equal -Wformat-security -Wformat=2 -Wmissing-field-initializers -Wmissing-noreturn -Wmissing-prototypes -Wnested-externs -Woverride-init -Wpointer-arith -Wpointer-sign  -Werror -Wredundant-decls  conftest.c >&5
configure:30408: $? = 0
configure:30418: result: yes
configure:30436: : CFLAGS="$CFLAGS"
configure:30439: $? = 0
configure:30467: checking whether C compiler accepts -Wshadow
configure:30487: gcc -c    -Wno-pragmas -Wall -Wextra -Wunknown-pragmas --param=ssp-buffer-size=1 -Waddress -Warray-bounds -Wbad-function-cast -Wchar-subscripts -Wcomment -Wfloat-equal -Wformat-security -Wformat=2 -Wmissing-field-initializers -Wmissing-noreturn -Wmissing-prototypes -Wnested-externs -Woverride-init -Wpointer-arith -Wpointer-sign -Wredundant-decls  -Werror -Wshadow  conftest.c >&5
configure:30487: $? = 0
configure:30497: result: yes
configure:30515: : CFLAGS="$CFLAGS"
configure:30518: $? = 0
configure:30546: checking whether C compiler accepts -Wshorten-64-to-32
configure:30566: gcc -c    -Wno-pragmas -Wall -Wextra -Wunknown-pragmas --param=ssp-buffer-size=1 -Waddress -Warray-bounds -Wbad-function-cast -Wchar-subscripts -Wcomment -Wfloat-equal -Wformat-security -Wformat=2 -Wmissing-field-initializers -Wmissing-noreturn -Wmissing-prototypes -Wnested-externs -Woverride-init -Wpointer-arith -Wpointer-sign -Wredundant-decls -Wshadow  -Werror -Wshorten-64-to-32  conftest.c >&5
configure:30566: $? = 0
configure:30576: result: yes
configure:30594: : CFLAGS="$CFLAGS"
configure:30597: $? = 0
configure:30625: checking whether C compiler accepts -Wsign-compare
configure:30645: gcc -c    -Wno-pragmas -Wall -Wextra -Wunknown-pragmas --param=ssp-buffer-size=1 -Waddress -Warray-bounds -Wbad-function-cast -Wchar-subscripts -Wcomment -Wfloat-equal -Wformat-security -Wformat=2 -Wmissing-field-initializers -Wmissing-noreturn -Wmissing-prototypes -Wnested-externs -Woverride-init -Wpointer-arith -Wpointer-sign -Wredundant-decls -Wshadow -Wshorten-64-to-32  -Werror -Wsign-compare  conftest.c >&5
configure:30645: $? = 0
configure:30655: result: yes
configure:30673: : CFLAGS="$CFLAGS"
configure:30676: $? = 0
configure:30704: checking whether C compiler accepts -Wstrict-overflow=1
configure:30724: gcc -c    -Wno-pragmas -Wall -Wextra -Wunknown-pragmas --param=ssp-buffer-size=1 -Waddress -Warray-bounds -Wbad-function-cast -Wchar-subscripts -Wcomment -Wfloat-equal -Wformat-security -Wformat=2 -Wmissing-field-initializers -Wmissing-noreturn -Wmissing-prototypes -Wnested-externs -Woverride-init -Wpointer-arith -Wpointer-sign -Wredundant-decls -Wshadow -Wshorten-64-to-32 -Wsign-compare  -Werror -Wstrict-overflow=1  conftest.c >&5
configure:30724: $? = 0
configure:30734: result: yes
configure:30752: : CFLAGS="$CFLAGS"
configure:30755: $? = 0
configure:30783: checking whether C compiler accepts -Wstrict-prototypes
configure:30803: gcc -c    -Wno-pragmas -Wall -Wextra -Wunknown-pragmas --param=ssp-buffer-size=1 -Waddress -Warray-bounds -Wbad-function-cast -Wchar-subscripts -Wcomment -Wfloat-equal -Wformat-security -Wformat=2 -Wmissing-field-initializers -Wmissing-noreturn -Wmissing-prototypes -Wnested-externs -Woverride-init -Wpointer-arith -Wpointer-sign -Wredundant-decls -Wshadow -Wshorten-64-to-32 -Wsign-compare -Wstrict-overflow=1  -Werror -Wstrict-prototypes  conftest.c >&5
configure:30803: $? = 0
configure:30813: result: yes
configure:30831: : CFLAGS="$CFLAGS"
configure:30834: $? = 0
configure:30862: checking whether C compiler accepts -Wswitch-enum
configure:30882: gcc -c    -Wno-pragmas -Wall -Wextra -Wunknown-pragmas --param=ssp-buffer-size=1 -Waddress -Warray-bounds -Wbad-function-cast -Wchar-subscripts -Wcomment -Wfloat-equal -Wformat-security -Wformat=2 -Wmissing-field-initializers -Wmissing-noreturn -Wmissing-prototypes -Wnested-externs -Woverride-init -Wpointer-arith -Wpointer-sign -Wredundant-decls -Wshadow -Wshorten-64-to-32 -Wsign-compare -Wstrict-overflow=1 -Wstrict-prototypes  -Werror -Wswitch-enum  conftest.c >&5
configure:30882: $? = 0
configure:30892: result: yes
configure:30910: : CFLAGS="$CFLAGS"
configure:30913: $? = 0
configure:30941: checking whether C compiler accepts -Wundef
configure:30961: gcc -c    -Wno-pragmas -Wall -Wextra -Wunknown-pragmas --param=ssp-buffer-size=1 -Waddress -Warray-bounds -Wbad-function-cast -Wchar-subscripts -Wcomment -Wfloat-equal -Wformat-security -Wformat=2 -Wmissing-field-initializers -Wmissing-noreturn -Wmissing-prototypes -Wnested-externs -Woverride-init -Wpointer-arith -Wpointer-sign -Wredundant-decls -Wshadow -Wshorten-64-to-32 -Wsign-compare -Wstrict-overflow=1 -Wstrict-prototypes -Wswitch-enum  -Werror -Wundef  conftest.c >&5
configure:30961: $? = 0
configure:30971: result: yes
configure:30989: : CFLAGS="$CFLAGS"
configure:30992: $? = 0
configure:31020: checking whether C compiler accepts -Wunused
configure:31040: gcc -c    -Wno-pragmas -Wall -Wextra -Wunknown-pragmas --param=ssp-buffer-size=1 -Waddress -Warray-bounds -Wbad-function-cast -Wchar-subscripts -Wcomment -Wfloat-equal -Wformat-security -Wformat=2 -Wmissing-field-initializers -Wmissing-noreturn -Wmissing-prototypes -Wnested-externs -Woverride-init -Wpointer-arith -Wpointer-sign -Wredundant-decls -Wshadow -Wshorten-64-to-32 -Wsign-compare -Wstrict-overflow=1 -Wstrict-prototypes -Wswitch-enum -Wundef  -Werror -Wunused  conftest.c >&5
configure:31040: $? = 0
configure:31050: result: yes
configure:31068: : CFLAGS="$CFLAGS"
configure:31071: $? = 0
configure:31099: checking whether C compiler accepts -Wunused-result
configure:31119: gcc -c    -Wno-pragmas -Wall -Wextra -Wunknown-pragmas --param=ssp-buffer-size=1 -Waddress -Warray-bounds -Wbad-function-cast -Wchar-subscripts -Wcomment -Wfloat-equal -Wformat-security -Wformat=2 -Wmissing-field-initializers -Wmissing-noreturn -Wmissing-prototypes -Wnested-externs -Woverride-init -Wpointer-arith -Wpointer-sign -Wredundant-decls -Wshadow -Wshorten-64-to-32 -Wsign-compare -Wstrict-overflow=1 -Wstrict-prototypes -Wswitch-enum -Wundef -Wunused  -Werror -Wunused-result  conftest.c >&5
configure:31119: $? = 0
configure:31129: result: yes
configure:31147: : CFLAGS="$CFLAGS"
configure:31150: $? = 0
configure:31178: checking whether C compiler accepts -Wunused-variable
configure:31198: gcc -c    -Wno-pragmas -Wall -Wextra -Wunknown-pragmas --param=ssp-buffer-size=1 -Waddress -Warray-bounds -Wbad-function-cast -Wchar-subscripts -Wcomment -Wfloat-equal -Wformat-security -Wformat=2 -Wmissing-field-initializers -Wmissing-noreturn -Wmissing-prototypes -Wnested-externs -Woverride-init -Wpointer-arith -Wpointer-sign -Wredundant-decls -Wshadow -Wshorten-64-to-32 -Wsign-compare -Wstrict-overflow=1 -Wstrict-prototypes -Wswitch-enum -Wundef -Wunused -Wunused-result  -Werror -Wunused-variable  conftest.c >&5
configure:31198: $? = 0
configure:31208: result: yes
configure:31226: : CFLAGS="$CFLAGS"
configure:31229: $? = 0
configure:31257: checking whether C compiler accepts -Wwrite-strings
configure:31277: gcc -c    -Wno-pragmas -Wall -Wextra -Wunknown-pragmas --param=ssp-buffer-size=1 -Waddress -Warray-bounds -Wbad-function-cast -Wchar-subscripts -Wcomment -Wfloat-equal -Wformat-security -Wformat=2 -Wmissing-field-initializers -Wmissing-noreturn -Wmissing-prototypes -Wnested-externs -Woverride-init -Wpointer-arith -Wpointer-sign -Wredundant-decls -Wshadow -Wshorten-64-to-32 -Wsign-compare -Wstrict-overflow=1 -Wstrict-prototypes -Wswitch-enum -Wundef -Wunused -Wunused-result -Wunused-variable  -Werror -Wwrite-strings  conftest.c >&5
configure:31277: $? = 0
configure:31287: result: yes
configure:31305: : CFLAGS="$CFLAGS"
configure:31308: $? = 0
configure:31336: checking whether C compiler accepts -fwrapv
configure:31356: gcc -c    -Wno-pragmas -Wall -Wextra -Wunknown-pragmas --param=ssp-buffer-size=1 -Waddress -Warray-bounds -Wbad-function-cast -Wchar-subscripts -Wcomment -Wfloat-equal -Wformat-security -Wformat=2 -Wmissing-field-initializers -Wmissing-noreturn -Wmissing-prototypes -Wnested-externs -Woverride-init -Wpointer-arith -Wpointer-sign -Wredundant-decls -Wshadow -Wshorten-64-to-32 -Wsign-compare -Wstrict-overflow=1 -Wstrict-prototypes -Wswitch-enum -Wundef -Wunused -Wunused-result -Wunused-variable -Wwrite-strings  -Werror -fwrapv  conftest.c >&5
configure:31356: $? = 0
configure:31366: result: yes
configure:31384: : CFLAGS="$CFLAGS"
configure:31387: $? = 0
configure:35224: result: creating wolfssl-config - generic 5.5.0 for -lwolfssl -lnetwork -lpthread
configure:35349: checking the number of available CPUs
configure:35438: result: 8
configure:35455: adding automake macro support
configure:35459: creating aminclude.am
configure:35491: added jobserver support to make for 9 jobs
configure:35636: checking that generated files are newer than configure
configure:35642: result: done
configure:36242: creating ./config.status

## ---------------------- ##
## Running config.status. ##
## ---------------------- ##

This file was extended by wolfssl config.status 5.5.0, which was
generated by GNU Autoconf 2.71.  Invocation command line was

  CONFIG_FILES    = 
  CONFIG_HEADERS  = 
  CONFIG_LINKS    = 
  CONFIG_COMMANDS = 
  $ ./config.status 

on Jasveers-MacBook-Air.local

config.status:1488: creating stamp-h
config.status:1488: creating Makefile
config.status:1488: creating wolfssl/version.h
config.status:1488: creating wolfssl/options.h
config.status:1488: creating cyassl/options.h
config.status:1488: creating support/wolfssl.pc
config.status:1488: creating rpm/spec
config.status:1488: creating wolfcrypt/test/test_paths.h
config.status:1488: creating scripts/unit.test
config.status:1488: creating config.h
config.status:1669: config.h is unchanged
config.status:1717: executing depfiles commands
config.status:1794: cd .       && sed -e '/# am--include-marker/d' Makefile         | make -f - am--depfiles
make: Nothing to be done for `am--depfiles'.
config.status:1799: $? = 0
config.status:1717: executing libtool commands
config.status:1717: executing wolfssl/wolfcrypt/async.h commands
config.status:1717: executing wolfssl/wolfcrypt/fips.h commands
config.status:1717: executing wolfssl/wolfcrypt/port/cavium/cavium_nitrox.h commands
config.status:1717: executing wolfssl/wolfcrypt/port/intel/quickassist.h commands
config.status:1717: executing wolfssl/wolfcrypt/port/intel/quickassist_mem.h commands
configure:38423: ---
configure:38425: Running make clean...
configure:38446: ---
configure:38448: Generating user options header...

## ---------------- ##
## Cache variables. ##
## ---------------- ##

ac_cv_build=aarch64-apple-darwin21.6.0
ac_cv_c_bigendian=no
ac_cv_c_compiler_gnu=yes
ac_cv_c_uint8_t=yes
ac_cv_c_undeclared_builtin_options='none needed'
ac_cv_env_CCASFLAGS_set=
ac_cv_env_CCASFLAGS_value=
ac_cv_env_CCAS_set=
ac_cv_env_CCAS_value=
ac_cv_env_CC_set=
ac_cv_env_CC_value=
ac_cv_env_CFLAGS_set=
ac_cv_env_CFLAGS_value=
ac_cv_env_CPPFLAGS_set=
ac_cv_env_CPPFLAGS_value=
ac_cv_env_CPP_set=
ac_cv_env_CPP_value=
ac_cv_env_EXTRA_CFLAGS_set=
ac_cv_env_EXTRA_CFLAGS_value=
ac_cv_env_LDFLAGS_set=
ac_cv_env_LDFLAGS_value=
ac_cv_env_LIBS_set=
ac_cv_env_LIBS_value=
ac_cv_env_LT_SYS_LIBRARY_PATH_set=
ac_cv_env_LT_SYS_LIBRARY_PATH_value=
ac_cv_env_build_alias_set=
ac_cv_env_build_alias_value=
ac_cv_env_host_alias_set=
ac_cv_env_host_alias_value=
ac_cv_env_target_alias_set=
ac_cv_env_target_alias_value=
ac_cv_func_atexit=yes
ac_cv_func_getaddrinfo=yes
ac_cv_func_gethostbyname=yes
ac_cv_func_gettimeofday=yes
ac_cv_func_gmtime_r=yes
ac_cv_func_gmtime_s=no
ac_cv_func_inet_ntoa=yes
ac_cv_func_memset=yes
ac_cv_func_socket=yes
ac_cv_func_strftime=yes
ac_cv_have_decl_getaddrinfo=yes
ac_cv_have_decl_gethostbyname=yes
ac_cv_have_decl_gettimeofday=yes
ac_cv_have_decl_gmtime_r=yes
ac_cv_have_decl_gmtime_s=no
ac_cv_have_decl_inet_ntoa=yes
ac_cv_have_decl_memset=yes
ac_cv_have_decl_socket=yes
ac_cv_have_decl_strftime=yes
ac_cv_header_arpa_inet_h=yes
ac_cv_header_dlfcn_h=yes
ac_cv_header_errno_h=yes
ac_cv_header_fcntl_h=yes
ac_cv_header_inttypes_h=yes
ac_cv_header_limits_h=yes
ac_cv_header_netdb_h=yes
ac_cv_header_netinet_in_h=yes
ac_cv_header_stddef_h=yes
ac_cv_header_stdint_h=yes
ac_cv_header_stdio_h=yes
ac_cv_header_stdlib_h=yes
ac_cv_header_string_h=yes
ac_cv_header_strings_h=yes
ac_cv_header_sys_ioctl_h=yes
ac_cv_header_sys_socket_h=yes
ac_cv_header_sys_stat_h=yes
ac_cv_header_sys_time_h=yes
ac_cv_header_sys_types_h=yes
ac_cv_header_sys_un_h=yes
ac_cv_header_time_h=yes
ac_cv_header_unistd_h=yes
ac_cv_host=aarch64-apple-darwin21.6.0
ac_cv_lib_network_socket=yes
ac_cv_objext=o
ac_cv_path_EGREP='/usr/bin/grep -E'
ac_cv_path_FGREP='/usr/bin/grep -F'
ac_cv_path_GREP=/usr/bin/grep
ac_cv_path_SED=/usr/bin/sed
ac_cv_path_install='/usr/bin/install -c'
ac_cv_path_lt_DD=/bin/dd
ac_cv_prog_AWK=awk
ac_cv_prog_CPP='gcc -E'
ac_cv_prog_ac_ct_AR=ar
ac_cv_prog_ac_ct_CC=gcc
ac_cv_prog_ac_ct_DSYMUTIL=dsymutil
ac_cv_prog_ac_ct_FILECMD=file
ac_cv_prog_ac_ct_LIPO=lipo
ac_cv_prog_ac_ct_NMEDIT=nmedit
ac_cv_prog_ac_ct_OBJDUMP=objdump
ac_cv_prog_ac_ct_OTOOL=otool
ac_cv_prog_ac_ct_RANLIB=ranlib
ac_cv_prog_ac_ct_STRIP=strip
ac_cv_prog_cc_c11=
ac_cv_prog_cc_g=yes
ac_cv_prog_cc_stdc=
ac_cv_prog_make_make_set=yes
ac_cv_search_gethostbyname='none required'
ac_cv_search_socket='none required'
ac_cv_sizeof_long=8
ac_cv_sizeof_long_long=8
ac_cv_sizeof_time_t=8
ac_cv_target=aarch64-apple-darwin21.6.0
ac_cv_tls=_Thread_local
ac_cv_type___uint128_t=yes
ac_cv_type_size_t=yes
ac_cv_type_uintptr_t=yes
ac_cv_vcs_checkout=no
ac_cv_vcs_system=none
ac_cv_warnings_as_errors=no
am_cv_CCAS_dependencies_compiler_type=gcc3
am_cv_CC_dependencies_compiler_type=gcc3
am_cv_make_support_nested_variables=yes
am_cv_prog_cc_c_o=yes
am_cv_prog_tar_ustar=gnutar
ax_cv_PTHREAD_CLANG=yes
ax_cv_PTHREAD_CLANG_NO_WARN_FLAG=no
ax_cv_PTHREAD_JOINABLE_ATTR=PTHREAD_CREATE_JOINABLE
ax_cv_PTHREAD_PRIO_INHERIT=yes
ax_cv_PTHREAD_SPECIAL_FLAGS=no
ax_cv_check_cflags__Waddress=yes
ax_cv_check_cflags__Wall=yes
ax_cv_check_cflags__Warray_bounds=yes
ax_cv_check_cflags__Wbad_function_cast=yes
ax_cv_check_cflags__Wchar_subscripts=yes
ax_cv_check_cflags__Wcomment=yes
ax_cv_check_cflags__Wextra=yes
ax_cv_check_cflags__Wfloat_equal=yes
ax_cv_check_cflags__Wformat_2=yes
ax_cv_check_cflags__Wformat_security=yes
ax_cv_check_cflags__Wmaybe_uninitialized=no
ax_cv_check_cflags__Wmissing_field_initializers=yes
ax_cv_check_cflags__Wmissing_noreturn=yes
ax_cv_check_cflags__Wmissing_prototypes=yes
ax_cv_check_cflags__Wnested_externs=yes
ax_cv_check_cflags__Wno_pragmas=yes
ax_cv_check_cflags__Wnormalized_id=no
ax_cv_check_cflags__Woverride_init=yes
ax_cv_check_cflags__Wpointer_arith=yes
ax_cv_check_cflags__Wpointer_sign=yes
ax_cv_check_cflags__Wredundant_decls=yes
ax_cv_check_cflags__Wshadow=yes
ax_cv_check_cflags__Wshorten_64_to_32=yes
ax_cv_check_cflags__Wsign_compare=yes
ax_cv_check_cflags__Wstrict_overflow_1=yes
ax_cv_check_cflags__Wstrict_prototypes=yes
ax_cv_check_cflags__Wswitch_enum=yes
ax_cv_check_cflags__Wthis_test_should_fail=no
ax_cv_check_cflags__Wundef=yes
ax_cv_check_cflags__Wunknown_pragmas=yes
ax_cv_check_cflags__Wunused=yes
ax_cv_check_cflags__Wunused_result=yes
ax_cv_check_cflags__Wunused_variable=yes
ax_cv_check_cflags__Wwrite_strings=yes
ax_cv_check_cflags___Werror=yes
ax_cv_check_cflags___param_ssp_buffer_size_1=yes
ax_cv_check_cflags__fwrapv=yes
ax_cv_check_ldflags___Werror=yes
ax_cv_check_ldflags__pie=no
ax_cv_check_ldflags__z_relro__z_now=no
gl_cv_cc_vis_werror=yes
gl_cv_cc_visibility=yes
lt_cv_apple_cc_single_mod=yes
lt_cv_ar_at_file=no
lt_cv_deplibs_check_method=pass_all
lt_cv_file_magic_cmd='$MAGIC_CMD'
lt_cv_file_magic_test_file=
lt_cv_ld_exported_symbols_list=yes
lt_cv_ld_force_load=yes
lt_cv_ld_reload_flag=-r
lt_cv_nm_interface='BSD nm'
lt_cv_objdir=.libs
lt_cv_path_LD=/Library/Developer/CommandLineTools/usr/bin/ld
lt_cv_path_NM='/usr/bin/nm -B'
lt_cv_path_mainfest_tool=no
lt_cv_prog_compiler_c_o=yes
lt_cv_prog_compiler_pic='-fno-common -DPIC'
lt_cv_prog_compiler_pic_works=yes
lt_cv_prog_compiler_rtti_exceptions=yes
lt_cv_prog_compiler_static_works=no
lt_cv_prog_gnu_ld=no
lt_cv_sharedlib_from_linklib_cmd='printf %s\n'
lt_cv_sys_global_symbol_pipe='/usr/bin/sed -n -e '\''s/^.*[	 ]\([ABCDGIRSTW][ABCDGIRSTW]*\)[	 ][	 ]*_\([_A-Za-z][_A-Za-z0-9]*\)$/\1 _\2 \2/p'\'' | /usr/bin/sed '\''/ __gnu_lto/d'\'''
lt_cv_sys_global_symbol_to_c_name_address='/usr/bin/sed -n -e '\''s/^: \(.*\) .*$/  {"\1", (void *) 0},/p'\'' -e '\''s/^[ABCDGIRSTW][ABCDGIRSTW]* .* \(.*\)$/  {"\1", (void *) \&\1},/p'\'''
lt_cv_sys_global_symbol_to_c_name_address_lib_prefix='/usr/bin/sed -n -e '\''s/^: \(.*\) .*$/  {"\1", (void *) 0},/p'\'' -e '\''s/^[ABCDGIRSTW][ABCDGIRSTW]* .* \(lib.*\)$/  {"\1", (void *) \&\1},/p'\'' -e '\''s/^[ABCDGIRSTW][ABCDGIRSTW]* .* \(.*\)$/  {"lib\1", (void *) \&\1},/p'\'''
lt_cv_sys_global_symbol_to_cdecl='/usr/bin/sed -n -e '\''s/^T .* \(.*\)$/extern int \1();/p'\'' -e '\''s/^[ABCDGIRSTW][ABCDGIRSTW]* .* \(.*\)$/extern char \1;/p'\'''
lt_cv_sys_global_symbol_to_import=
lt_cv_sys_max_cmd_len=786432
lt_cv_to_host_file_cmd=func_convert_file_noop
lt_cv_to_tool_file_cmd=func_convert_file_noop
lt_cv_truncate_bin='/bin/dd bs=4096 count=1'

## ----------------- ##
## Output variables. ##
## ----------------- ##

ACLOCAL='${SHELL} '\''/Users/jasveer/Desktop/Third Year /EEE3097S/proj/aes/wolfssl-5.5.0/build-aux/missing'\'' aclocal-1.16'
AMDEPBACKSLASH='\'
AMDEP_FALSE='#'
AMDEP_TRUE=''
AMINCLUDE='aminclude.am'
AMTAR='$${TAR-tar}'
AM_BACKSLASH='\'
AM_CCASFLAGS=' -DNDEBUG'
AM_CFLAGS=' -fvisibility=hidden -DHAVE_THREAD_LS -DNDEBUG -DNO_DO178 -D_POSIX_THREADS -pthread -DTFM_TIMING_RESISTANT -DECC_TIMING_RESISTANT -DWC_RSA_BLINDING -DWOLFSSL_USE_ALIGN -DWOLFSSL_SHA224 -DWOLFSSL_SHA512 -DWOLFSSL_SHA384 -DHAVE_HKDF -DNO_DSA -DHAVE_ECC -DTFM_ECC256 -DECC_SHAMIR -DWC_RSA_PSS -DWOLFSSL_PSS_LONG_SALT -DWOLFSSL_SHA3 -DWOLFSSL_NO_SHAKE256 -DHAVE_POLY1305 -DHAVE_CHACHA -DHAVE_HASHDRBG -DHAVE_TLS_EXTENSIONS -DHAVE_SUPPORTED_CURVES -DHAVE_FFDHE_2048 -DHAVE_SUPPORTED_CURVES -DWOLFSSL_TLS13 -DHAVE_TLS_EXTENSIONS -DHAVE_EXTENDED_MASTER -DNO_RC4 -DHAVE_ENCRYPT_THEN_MAC -DNO_PSK -DNO_MD4 -DWOLFSSL_SP_MATH_ALL -DWOLFSSL_SP_ARM64 -DWOLFSSL_AARCH64_BUILD -DWC_NO_ASYNC_THREADING -DHAVE_DH_DEFAULT_PARAMS -DNO_DES3 -DGCM_TABLE_4BIT -DHAVE_AESGCM -DHAVE_TLS_EXTENSIONS -DHAVE_SERVER_RENEGOTIATION_INFO -Wall -Wno-unused -O2 -DHAVE___UINT128_T=1 -DHAVE_WC_INTROSPECTION -include ./.build_params'
AM_CPPFLAGS=''
AM_DEFAULT_V='$(AM_DEFAULT_VERBOSITY)'
AM_DEFAULT_VERBOSITY='0'
AM_LDFLAGS=''
AM_V='$(V)'
AR='ar'
AS='as'
ASFLAGS_FPUSIMD_DISABLE=''
ASFLAGS_FPUSIMD_ENABLE=''
ASFLAGS_FPU_DISABLE_SIMD_ENABLE=''
ASFLAGS_FPU_ENABLE_SIMD_DISABLE=''
AUTOCONF='${SHELL} '\''/Users/jasveer/Desktop/Third Year /EEE3097S/proj/aes/wolfssl-5.5.0/build-aux/missing'\'' autoconf'
AUTOHEADER='${SHELL} '\''/Users/jasveer/Desktop/Third Year /EEE3097S/proj/aes/wolfssl-5.5.0/build-aux/missing'\'' autoheader'
AUTOMAKE='${SHELL} '\''/Users/jasveer/Desktop/Third Year /EEE3097S/proj/aes/wolfssl-5.5.0/build-aux/missing'\'' automake-1.16'
AWK='awk'
BUILD_AESCCM_FALSE=''
BUILD_AESCCM_TRUE='#'
BUILD_AESGCM_FALSE='#'
BUILD_AESGCM_TRUE=''
BUILD_AESNI_FALSE=''
BUILD_AESNI_TRUE='#'
BUILD_AES_FALSE='#'
BUILD_AES_TRUE=''
BUILD_AFALG_FALSE=''
BUILD_AFALG_TRUE='#'
BUILD_ALL_FALSE=''
BUILD_ALL_TRUE='#'
BUILD_ARMASM_FALSE=''
BUILD_ARMASM_INLINE_FALSE=''
BUILD_ARMASM_INLINE_TRUE='#'
BUILD_ARMASM_TRUE='#'
BUILD_ASN_FALSE='#'
BUILD_ASN_TRUE=''
BUILD_ASYNCCRYPT_FALSE=''
BUILD_ASYNCCRYPT_TRUE='#'
BUILD_BENCHMARK_FALSE='#'
BUILD_BENCHMARK_TRUE=''
BUILD_BLAKE2S_FALSE=''
BUILD_BLAKE2S_TRUE='#'
BUILD_BLAKE2_FALSE=''
BUILD_BLAKE2_TRUE='#'
BUILD_CAAM_FALSE=''
BUILD_CAAM_TRUE='#'
BUILD_CAMELLIA_FALSE=''
BUILD_CAMELLIA_TRUE='#'
BUILD_CAVIUM_FALSE=''
BUILD_CAVIUM_TRUE='#'
BUILD_CAVIUM_V_FALSE=''
BUILD_CAVIUM_V_TRUE='#'
BUILD_CHACHA_FALSE='#'
BUILD_CHACHA_TRUE=''
BUILD_CMAC_FALSE=''
BUILD_CMAC_TRUE='#'
BUILD_CODING_FALSE='#'
BUILD_CODING_TRUE=''
BUILD_CRL_FALSE=''
BUILD_CRL_MONITOR_FALSE=''
BUILD_CRL_MONITOR_TRUE='#'
BUILD_CRL_TRUE='#'
BUILD_CRYPTOAUTHLIB_FALSE=''
BUILD_CRYPTOAUTHLIB_TRUE='#'
BUILD_CRYPTOCB_FALSE=''
BUILD_CRYPTOCB_TRUE='#'
BUILD_CRYPTONLY_FALSE=''
BUILD_CRYPTONLY_TRUE='#'
BUILD_CURVE25519_FALSE=''
BUILD_CURVE25519_SMALL_FALSE=''
BUILD_CURVE25519_SMALL_TRUE='#'
BUILD_CURVE25519_TRUE='#'
BUILD_CURVE448_FALSE=''
BUILD_CURVE448_SMALL_FALSE=''
BUILD_CURVE448_SMALL_TRUE='#'
BUILD_CURVE448_TRUE='#'
BUILD_DES3_FALSE=''
BUILD_DES3_TRUE='#'
BUILD_DEVCRYPTO_FALSE=''
BUILD_DEVCRYPTO_TRUE='#'
BUILD_DH_FALSE='#'
BUILD_DH_TRUE=''
BUILD_DISTRO_FALSE=''
BUILD_DISTRO_TRUE='#'
BUILD_DO178_FALSE=''
BUILD_DO178_TRUE='#'
BUILD_DSA_FALSE=''
BUILD_DSA_TRUE='#'
BUILD_DTLS13_FALSE=''
BUILD_DTLS13_TRUE='#'
BUILD_DTLS_CID_FALSE=''
BUILD_DTLS_CID_TRUE='#'
BUILD_ECCSI_FALSE=''
BUILD_ECCSI_TRUE='#'
BUILD_ECC_FALSE='#'
BUILD_ECC_TRUE=''
BUILD_ED25519_FALSE=''
BUILD_ED25519_SMALL_FALSE=''
BUILD_ED25519_SMALL_TRUE='#'
BUILD_ED25519_TRUE='#'
BUILD_ED448_FALSE=''
BUILD_ED448_SMALL_FALSE=''
BUILD_ED448_SMALL_TRUE='#'
BUILD_ED448_TRUE='#'
BUILD_ERROR_STRINGS_FALSE='#'
BUILD_ERROR_STRINGS_TRUE=''
BUILD_EXAMPLE_CLIENTS_FALSE='#'
BUILD_EXAMPLE_CLIENTS_TRUE=''
BUILD_EXAMPLE_SERVERS_FALSE='#'
BUILD_EXAMPLE_SERVERS_TRUE=''
BUILD_FASTMATH_FALSE=''
BUILD_FASTMATH_TRUE='#'
BUILD_FAST_RSA_FALSE=''
BUILD_FAST_RSA_TRUE='#'
BUILD_FE448_FALSE=''
BUILD_FE448_TRUE='#'
BUILD_FEMATH_FALSE=''
BUILD_FEMATH_TRUE='#'
BUILD_FIPS_CURRENT_FALSE=''
BUILD_FIPS_CURRENT_TRUE='#'
BUILD_FIPS_FALSE=''
BUILD_FIPS_RAND_FALSE=''
BUILD_FIPS_RAND_TRUE='#'
BUILD_FIPS_TRUE='#'
BUILD_FIPS_V1_FALSE=''
BUILD_FIPS_V1_TRUE='#'
BUILD_FIPS_V2_FALSE=''
BUILD_FIPS_V2_TRUE='#'
BUILD_FIPS_V5_FALSE=''
BUILD_FIPS_V5_TRUE='#'
BUILD_GE448_FALSE=''
BUILD_GE448_TRUE='#'
BUILD_GEMATH_FALSE=''
BUILD_GEMATH_TRUE='#'
BUILD_HASHFLAGS_FALSE=''
BUILD_HASHFLAGS_TRUE='#'
BUILD_HEAPMATH_FALSE=''
BUILD_HEAPMATH_TRUE='#'
BUILD_HMAC_FALSE='#'
BUILD_HMAC_TRUE=''
BUILD_INLINE_FALSE='#'
BUILD_INLINE_TRUE=''
BUILD_INTELASM_FALSE=''
BUILD_INTELASM_TRUE='#'
BUILD_INTEL_QA_FALSE=''
BUILD_INTEL_QA_SYNC_FALSE=''
BUILD_INTEL_QA_SYNC_TRUE='#'
BUILD_INTEL_QA_TRUE='#'
BUILD_IOTSAFE_FALSE=''
BUILD_IOTSAFE_HWRNG_FALSE=''
BUILD_IOTSAFE_HWRNG_TRUE='#'
BUILD_IOTSAFE_TRUE='#'
BUILD_IPV6_FALSE=''
BUILD_IPV6_TRUE='#'
BUILD_KCAPI_FALSE=''
BUILD_KCAPI_TRUE='#'
BUILD_KDF_FALSE='#'
BUILD_KDF_TRUE=''
BUILD_LEANPSK_FALSE=''
BUILD_LEANPSK_TRUE='#'
BUILD_LEANTLS_FALSE=''
BUILD_LEANTLS_TRUE='#'
BUILD_LIBOQS_FALSE=''
BUILD_LIBOQS_TRUE='#'
BUILD_LIBZ_FALSE=''
BUILD_LIBZ_TRUE='#'
BUILD_LINUXKM_FALSE=''
BUILD_LINUXKM_TRUE='#'
BUILD_LOWMEM_FALSE=''
BUILD_LOWMEM_TRUE='#'
BUILD_MCAPI_FALSE=''
BUILD_MCAPI_TRUE='#'
BUILD_MCAST_FALSE=''
BUILD_MCAST_TRUE='#'
BUILD_MD2_FALSE=''
BUILD_MD2_TRUE='#'
BUILD_MD4_FALSE=''
BUILD_MD4_TRUE='#'
BUILD_MD5_FALSE='#'
BUILD_MD5_TRUE=''
BUILD_MEMORY_FALSE='#'
BUILD_MEMORY_TRUE=''
BUILD_NO_LIBRARY_FALSE=''
BUILD_NO_LIBRARY_TRUE='#'
BUILD_OCSP_FALSE=''
BUILD_OCSP_STAPLING_FALSE=''
BUILD_OCSP_STAPLING_TRUE='#'
BUILD_OCSP_STAPLING_V2_FALSE=''
BUILD_OCSP_STAPLING_V2_TRUE='#'
BUILD_OCSP_TRUE='#'
BUILD_OCTEON_SYNC_FALSE=''
BUILD_OCTEON_SYNC_TRUE='#'
BUILD_PKCALLBACKS_FALSE=''
BUILD_PKCALLBACKS_TRUE='#'
BUILD_PKCS11_FALSE=''
BUILD_PKCS11_TRUE='#'
BUILD_PKCS12_FALSE='#'
BUILD_PKCS12_TRUE=''
BUILD_PKCS7_FALSE=''
BUILD_PKCS7_TRUE='#'
BUILD_PKCS8_FALSE='#'
BUILD_PKCS8_TRUE=''
BUILD_PKI_FALSE='#'
BUILD_PKI_TRUE=''
BUILD_POLY1305_FALSE='#'
BUILD_POLY1305_TRUE=''
BUILD_PSA_FALSE=''
BUILD_PSA_TRUE='#'
BUILD_PSK_FALSE=''
BUILD_PSK_TRUE='#'
BUILD_PWDBASED_FALSE='#'
BUILD_PWDBASED_TRUE=''
BUILD_QNXCAAM_FALSE=''
BUILD_QNXCAAM_TRUE='#'
BUILD_QUIC_FALSE=''
BUILD_QUIC_TRUE='#'
BUILD_RC2_FALSE=''
BUILD_RC2_TRUE='#'
BUILD_RC4_FALSE=''
BUILD_RC4_TRUE='#'
BUILD_RIPEMD_FALSE=''
BUILD_RIPEMD_TRUE='#'
BUILD_RNG_FALSE='#'
BUILD_RNG_TRUE=''
BUILD_RSA_FALSE='#'
BUILD_RSA_TRUE=''
BUILD_SAKKE_FALSE=''
BUILD_SAKKE_TRUE='#'
BUILD_SCRYPT_FALSE=''
BUILD_SCRYPT_TRUE='#'
BUILD_SCTP_FALSE=''
BUILD_SCTP_TRUE='#'
BUILD_SE050_FALSE=''
BUILD_SE050_TRUE='#'
BUILD_SELFTEST_FALSE=''
BUILD_SELFTEST_TRUE='#'
BUILD_SHA224_FALSE='#'
BUILD_SHA224_TRUE=''
BUILD_SHA3_FALSE='#'
BUILD_SHA3_TRUE=''
BUILD_SHA512_FALSE='#'
BUILD_SHA512_TRUE=''
BUILD_SHA_FALSE='#'
BUILD_SHA_TRUE=''
BUILD_SIPHASH_FALSE=''
BUILD_SIPHASH_TRUE='#'
BUILD_SMIME_FALSE=''
BUILD_SMIME_TRUE='#'
BUILD_SNIFFER_FALSE=''
BUILD_SNIFFER_TRUE='#'
BUILD_SNIFFTEST_FALSE=''
BUILD_SNIFFTEST_TRUE='#'
BUILD_SP_ARM32_FALSE=''
BUILD_SP_ARM32_TRUE='#'
BUILD_SP_ARM64_FALSE=''
BUILD_SP_ARM64_TRUE='#'
BUILD_SP_ARM_CORTEX_FALSE=''
BUILD_SP_ARM_CORTEX_TRUE='#'
BUILD_SP_ARM_THUMB_FALSE=''
BUILD_SP_ARM_THUMB_TRUE='#'
BUILD_SP_C32_FALSE=''
BUILD_SP_C32_TRUE='#'
BUILD_SP_C64_FALSE=''
BUILD_SP_C64_TRUE='#'
BUILD_SP_FALSE=''
BUILD_SP_INT_FALSE='#'
BUILD_SP_INT_TRUE=''
BUILD_SP_TRUE='#'
BUILD_SP_X86_64_FALSE=''
BUILD_SP_X86_64_TRUE='#'
BUILD_SRP_FALSE=''
BUILD_SRP_TRUE='#'
BUILD_SRTP_FALSE=''
BUILD_SRTP_TRUE='#'
BUILD_TESTS_FALSE='#'
BUILD_TESTS_TRUE=''
BUILD_THREADED_EXAMPLES_FALSE='#'
BUILD_THREADED_EXAMPLES_TRUE=''
BUILD_TLS13_FALSE='#'
BUILD_TLS13_TRUE=''
BUILD_TRUST_PEER_CERT_FALSE=''
BUILD_TRUST_PEER_CERT_TRUE='#'
BUILD_USER_CRYPTO_FALSE=''
BUILD_USER_CRYPTO_TRUE='#'
BUILD_USER_RSA_FALSE=''
BUILD_USER_RSA_TRUE='#'
BUILD_WNR_FALSE=''
BUILD_WNR_TRUE='#'
BUILD_WOLFCRYPT_TESTS_FALSE='#'
BUILD_WOLFCRYPT_TESTS_LIBS_FALSE=''
BUILD_WOLFCRYPT_TESTS_LIBS_TRUE='#'
BUILD_WOLFCRYPT_TESTS_TRUE=''
BUILD_WOLFEVENT_FALSE=''
BUILD_WOLFEVENT_TRUE='#'
BUILD_XCHACHA_FALSE=''
BUILD_XCHACHA_TRUE='#'
BUILD_XILINX_FALSE=''
BUILD_XILINX_TRUE='#'
CC='gcc'
CCAS='gcc'
CCASDEPMODE='depmode=gcc3'
CCASFLAGS='  '
CCDEPMODE='depmode=gcc3'
CFLAGS='   -Wno-pragmas -Wall -Wextra -Wunknown-pragmas --param=ssp-buffer-size=1 -Waddress -Warray-bounds -Wbad-function-cast -Wchar-subscripts -Wcomment -Wfloat-equal -Wformat-security -Wformat=2 -Wmissing-field-initializers -Wmissing-noreturn -Wmissing-prototypes -Wnested-externs -Woverride-init -Wpointer-arith -Wpointer-sign -Wredundant-decls -Wshadow -Wshorten-64-to-32 -Wsign-compare -Wstrict-overflow=1 -Wstrict-prototypes -Wswitch-enum -Wundef -Wunused -Wunused-result -Wunused-variable -Wwrite-strings -fwrapv'
CFLAGS_AUTO_VECTORIZE_DISABLE=''
CFLAGS_AUTO_VECTORIZE_ENABLE=''
CFLAGS_FPU_DISABLE=''
CFLAGS_FPU_ENABLE=''
CFLAGS_SIMD_DISABLE=''
CFLAGS_SIMD_ENABLE=''
CFLAG_VISIBILITY='-fvisibility=hidden'
CPP='gcc -E'
CPPFLAGS=''
CSCOPE='cscope'
CTAGS='ctags'
CYGPATH_W='echo'
DEBUG_FALSE=''
DEBUG_TRUE='#'
DEFS='-DHAVE_CONFIG_H'
DEPDIR='.deps'
DLLTOOL='false'
DSYMUTIL='dsymutil'
DUMPBIN=''
ECHO_C='\c'
ECHO_N=''
ECHO_T=''
EGREP='/usr/bin/grep -E'
ENABLED_ASM='yes'
ENABLED_CRYPT_TESTS='yes'
ENABLED_LINUXKM_PIE='no'
ETAGS='etags'
EXEEXT=''
EXTRA_CFLAGS=''
FGREP='/usr/bin/grep -F'
FILECMD='file'
GENERIC_CONFIG='wolfssl-config'
GREP='/usr/bin/grep'
HAVE_OPENSSL_CMD=''
HAVE_VALGRIND=''
HAVE_VISIBILITY='1'
HEX_VERSION='0x05005000'
INC_AMINCLUDE='include $(top_builddir)/aminclude.am'
INSTALL_DATA='${INSTALL} -m 644'
INSTALL_PROGRAM='${INSTALL}'
INSTALL_SCRIPT='${INSTALL}'
INSTALL_STRIP_PROGRAM='$(install_sh) -c -s'
IPPHEADERS=''
IPPLIBS=''
IPPLINK=''
IS_VCS_CHECKOUT_FALSE=''
IS_VCS_CHECKOUT_TRUE='#'
KERNEL_ARCH=''
KERNEL_ROOT=''
LD='/Library/Developer/CommandLineTools/usr/bin/ld'
LDFLAGS=''
LIBM=''
LIBOBJS=''
LIBS='-lnetwork  -lpthread'
LIBTOOL='$(SHELL) $(top_builddir)/libtool'
LIB_ADD=''
LIB_STATIC_ADD=''
LIPO='lipo'
LN_S='ln -s'
LTLIBOBJS=''
LT_SYS_LIBRARY_PATH=''
MAKEINFO='${SHELL} '\''/Users/jasveer/Desktop/Third Year /EEE3097S/proj/aes/wolfssl-5.5.0/build-aux/missing'\'' makeinfo'
MANIFEST_TOOL=':'
MCHECK=''
MKDIR_P='./build-aux/install-sh -c -d'
NM='/usr/bin/nm -B'
NMEDIT='nmedit'
OBJDUMP='objdump'
OBJEXT='o'
OTOOL64=':'
OTOOL='otool'
PACKAGE='wolfssl'
PACKAGE_BUGREPORT='https://github.com/wolfssl/wolfssl/issues'
PACKAGE_NAME='wolfssl'
PACKAGE_STRING='wolfssl 5.5.0'
PACKAGE_TARNAME='wolfssl'
PACKAGE_URL='https://www.wolfssl.com'
PACKAGE_VERSION='5.5.0'
PATH_SEPARATOR=':'
PSA_INCLUDE=''
PSA_LIB=''
PSA_LIB_NAME=''
PTHREAD_CC='gcc'
PTHREAD_CFLAGS='-pthread'
PTHREAD_CXX=''
PTHREAD_LIBS='-lpthread'
RANLIB='ranlib'
SED='/usr/bin/sed'
SET_MAKE=''
SHELL='/bin/sh'
STRIP='strip'
USE_VALGRIND_FALSE=''
USE_VALGRIND_TRUE='#'
VERSION='5.5.0'
WOLFSENTRY_INCLUDE=''
WOLFSENTRY_LIB=''
WOLFSSL_LIBRARY_VERSION='35:0:0'
ac_ct_AR='ar'
ac_ct_CC='gcc'
ac_ct_DUMPBIN=''
am__EXEEXT_FALSE=''
am__EXEEXT_TRUE='#'
am__fastdepCCAS_FALSE='#'
am__fastdepCCAS_TRUE=''
am__fastdepCC_FALSE='#'
am__fastdepCC_TRUE=''
am__include='include'
am__isrc=''
am__leading_dot='.'
am__nodep='_no'
am__quote=''
am__tar='tar --format=ustar -chf - "$$tardir"'
am__untar='tar -xf -'
ax_pthread_config=''
bindir='${exec_prefix}/bin'
build='aarch64-apple-darwin21.6.0'
build_alias=''
build_cpu='aarch64'
build_os='darwin21.6.0'
build_vendor='apple'
datadir='${datarootdir}'
datarootdir='${prefix}/share'
docdir='${datarootdir}/doc/${PACKAGE_TARNAME}'
dvidir='${docdir}'
exec_prefix='${prefix}'
host='aarch64-apple-darwin21.6.0'
host_alias=''
host_cpu='aarch64'
host_os='darwin21.6.0'
host_vendor='apple'
htmldir='${docdir}'
includedir='${prefix}/include'
infodir='${datarootdir}/info'
install_sh='${SHELL} '\''/Users/jasveer/Desktop/Third Year /EEE3097S/proj/aes/wolfssl-5.5.0/build-aux/install-sh'\'''
libdir='${exec_prefix}/lib'
libexecdir='${exec_prefix}/libexec'
localedir='${datarootdir}/locale'
localstatedir='${prefix}/var'
mandir='${datarootdir}/man'
mkdir_p='$(MKDIR_P)'
oldincludedir='/usr/include'
pdfdir='${docdir}'
prefix='/usr/local'
program_transform_name='s,x,x,'
psdir='${docdir}'
runstatedir='${localstatedir}/run'
sbindir='${exec_prefix}/sbin'
sharedstatedir='${prefix}/com'
sysconfdir='${prefix}/etc'
target='aarch64-apple-darwin21.6.0'
target_alias=''
target_cpu='aarch64'
target_os='darwin21.6.0'
target_vendor='apple'

## ----------- ##
## confdefs.h. ##
## ----------- ##

/* confdefs.h */
#define PACKAGE_NAME "wolfssl"
#define PACKAGE_TARNAME "wolfssl"
#define PACKAGE_VERSION "5.5.0"
#define PACKAGE_STRING "wolfssl 5.5.0"
#define PACKAGE_BUGREPORT "https://github.com/wolfssl/wolfssl/issues"
#define PACKAGE_URL "https://www.wolfssl.com"
#define HAVE_STDIO_H 1
#define HAVE_STDLIB_H 1
#define HAVE_STRING_H 1
#define HAVE_INTTYPES_H 1
#define HAVE_STDINT_H 1
#define HAVE_STRINGS_H 1
#define HAVE_SYS_STAT_H 1
#define HAVE_SYS_TYPES_H 1
#define HAVE_UNISTD_H 1
#define STDC_HEADERS 1
#define HAVE_DLFCN_H 1
#define LT_OBJDIR ".libs/"
#define HAVE_VISIBILITY 1
#define SIZEOF_LONG_LONG 8
#define SIZEOF_LONG 8
#define SIZEOF_TIME_T 8
#define HAVE___UINT128_T 1
#define HAVE_ARPA_INET_H 1
#define HAVE_FCNTL_H 1
#define HAVE_LIMITS_H 1
#define HAVE_NETDB_H 1
#define HAVE_NETINET_IN_H 1
#define HAVE_STDDEF_H 1
#define HAVE_TIME_H 1
#define HAVE_SYS_IOCTL_H 1
#define HAVE_SYS_SOCKET_H 1
#define HAVE_SYS_TIME_H 1
#define HAVE_ERRNO_H 1
#define HAVE_SYS_UN_H 1
#define HAVE_LIBNETWORK 1
#define HAVE_GETHOSTBYNAME 1
#define HAVE_GETADDRINFO 1
#define HAVE_GETTIMEOFDAY 1
#define HAVE_GMTIME_R 1
#define HAVE_INET_NTOA 1
#define HAVE_MEMSET 1
#define HAVE_SOCKET 1
#define HAVE_STRFTIME 1
#define HAVE_ATEXIT 1
#define HAVE_DECL_GETHOSTBYNAME 1
#define HAVE_DECL_GETADDRINFO 1
#define HAVE_DECL_GETTIMEOFDAY 1
#define HAVE_DECL_GMTIME_R 1
#define HAVE_DECL_GMTIME_S 0
#define HAVE_DECL_INET_NTOA 1
#define HAVE_DECL_MEMSET 1
#define HAVE_DECL_SOCKET 1
#define HAVE_DECL_STRFTIME 1
#define HAVE_UINTPTR_T 1
#define TLS _Thread_local
#define DEBUG 0
#define HAVE_PTHREAD_PRIO_INHERIT 1
#define HAVE_PTHREAD 1
#define BUILD_USER_RSA /**/
#define VCS_SYSTEM "none"
#define VCS_CHECKOUT 0

configure: exit 0
